{"C:\\football-app\\backend\\app.js": {"path":"C:\\football-app\\backend\\app.js","statementMap":{"0":{"start":{"line":1,"column":16},"end":{"line":1,"column":34}},"1":{"start":{"line":2,"column":15},"end":{"line":2,"column":32}},"2":{"start":{"line":3,"column":20},"end":{"line":3,"column":45}},"3":{"start":{"line":4,"column":21},"end":{"line":4,"column":47}},"4":{"start":{"line":5,"column":24},"end":{"line":5,"column":53}},"5":{"start":{"line":6,"column":20},"end":{"line":6,"column":45}},"6":{"start":{"line":7,"column":20},"end":{"line":7,"column":45}},"7":{"start":{"line":8,"column":28},"end":{"line":8,"column":61}},"8":{"start":{"line":9,"column":21},"end":{"line":9,"column":47}},"9":{"start":{"line":10,"column":23},"end":{"line":10,"column":51}},"10":{"start":{"line":11,"column":28},"end":{"line":11,"column":61}},"11":{"start":{"line":13,"column":13},"end":{"line":13,"column":28}},"12":{"start":{"line":14,"column":13},"end":{"line":14,"column":28}},"13":{"start":{"line":15,"column":12},"end":{"line":15,"column":21}},"14":{"start":{"line":17,"column":0},"end":{"line":17,"column":16}},"15":{"start":{"line":20,"column":0},"end":{"line":20,"column":47}},"16":{"start":{"line":22,"column":0},"end":{"line":22,"column":24}},"17":{"start":{"line":23,"column":0},"end":{"line":23,"column":23}},"18":{"start":{"line":26,"column":0},"end":{"line":26,"column":37}},"19":{"start":{"line":27,"column":0},"end":{"line":27,"column":35}},"20":{"start":{"line":28,"column":0},"end":{"line":28,"column":43}},"21":{"start":{"line":29,"column":0},"end":{"line":29,"column":35}},"22":{"start":{"line":30,"column":0},"end":{"line":30,"column":51}},"23":{"start":{"line":31,"column":0},"end":{"line":31,"column":35}},"24":{"start":{"line":32,"column":0},"end":{"line":32,"column":37}},"25":{"start":{"line":33,"column":0},"end":{"line":33,"column":41}},"26":{"start":{"line":34,"column":0},"end":{"line":34,"column":51}},"27":{"start":{"line":36,"column":18},"end":{"line":36,"column":22}},"28":{"start":{"line":37,"column":16},"end":{"line":37,"column":20}},"29":{"start":{"line":39,"column":0},"end":{"line":77,"column":3}},"30":{"start":{"line":40,"column":16},"end":{"line":40,"column":87}},"31":{"start":{"line":42,"column":2},"end":{"line":45,"column":3}},"32":{"start":{"line":43,"column":4},"end":{"line":43,"column":42}},"33":{"start":{"line":44,"column":4},"end":{"line":44,"column":33}},"34":{"start":{"line":47,"column":2},"end":{"line":76,"column":3}},"35":{"start":{"line":48,"column":21},"end":{"line":48,"column":66}},"36":{"start":{"line":49,"column":17},"end":{"line":49,"column":38}},"37":{"start":{"line":50,"column":4},"end":{"line":50,"column":57}},"38":{"start":{"line":53,"column":4},"end":{"line":58,"column":5}},"39":{"start":{"line":54,"column":6},"end":{"line":54,"column":30}},"40":{"start":{"line":56,"column":6},"end":{"line":56,"column":48}},"41":{"start":{"line":57,"column":6},"end":{"line":57,"column":56}},"42":{"start":{"line":60,"column":4},"end":{"line":67,"column":5}},"43":{"start":{"line":61,"column":6},"end":{"line":61,"column":25}},"44":{"start":{"line":62,"column":6},"end":{"line":62,"column":24}},"45":{"start":{"line":63,"column":6},"end":{"line":63,"column":46}},"46":{"start":{"line":64,"column":6},"end":{"line":64,"column":21}},"47":{"start":{"line":66,"column":6},"end":{"line":66,"column":43}},"48":{"start":{"line":69,"column":4},"end":{"line":69,"column":50}},"49":{"start":{"line":70,"column":4},"end":{"line":75,"column":7}},"50":{"start":{"line":84,"column":0},"end":{"line":84,"column":21}}},"fnMap":{"0":{"name":"(anonymous_0)","decl":{"start":{"line":39,"column":22},"end":{"line":39,"column":23}},"loc":{"start":{"line":39,"column":42},"end":{"line":77,"column":1}},"line":39}},"branchMap":{"0":{"loc":{"start":{"line":42,"column":2},"end":{"line":45,"column":3}},"type":"if","locations":[{"start":{"line":42,"column":2},"end":{"line":45,"column":3}},{"start":{},"end":{}}],"line":42},"1":{"loc":{"start":{"line":42,"column":6},"end":{"line":42,"column":40}},"type":"binary-expr","locations":[{"start":{"line":42,"column":6},"end":{"line":42,"column":17}},{"start":{"line":42,"column":21},"end":{"line":42,"column":40}}],"line":42},"2":{"loc":{"start":{"line":60,"column":4},"end":{"line":67,"column":5}},"type":"if","locations":[{"start":{"line":60,"column":4},"end":{"line":67,"column":5}},{"start":{"line":65,"column":11},"end":{"line":67,"column":5}}],"line":60},"3":{"loc":{"start":{"line":60,"column":8},"end":{"line":60,"column":23}},"type":"binary-expr","locations":[{"start":{"line":60,"column":8},"end":{"line":60,"column":12}},{"start":{"line":60,"column":16},"end":{"line":60,"column":23}}],"line":60}},"s":{"0":8,"1":8,"2":8,"3":8,"4":8,"5":8,"6":8,"7":8,"8":8,"9":8,"10":8,"11":8,"12":8,"13":8,"14":8,"15":8,"16":8,"17":8,"18":8,"19":8,"20":8,"21":8,"22":8,"23":8,"24":8,"25":8,"26":8,"27":8,"28":8,"29":8,"30":0,"31":0,"32":0,"33":0,"34":0,"35":0,"36":0,"37":0,"38":0,"39":0,"40":0,"41":0,"42":0,"43":0,"44":0,"45":0,"46":0,"47":0,"48":0,"49":0,"50":8},"f":{"0":0},"b":{"0":[0,0],"1":[0,0],"2":[0,0],"3":[0,0]},"_coverageSchema":"1a1c01bbd47fc00a2c39e90264f33305004495a9","hash":"fd3b2f653389f35b14326e8a846edb2f690214bc"}
,"C:\\football-app\\backend\\controllers\\userController.js": {"path":"C:\\football-app\\backend\\controllers\\userController.js","statementMap":{"0":{"start":{"line":1,"column":13},"end":{"line":1,"column":38}},"1":{"start":{"line":2,"column":15},"end":{"line":2,"column":34}},"2":{"start":{"line":3,"column":12},"end":{"line":3,"column":35}},"3":{"start":{"line":4,"column":29},"end":{"line":4,"column":57}},"4":{"start":{"line":7,"column":18},"end":{"line":48,"column":1}},"5":{"start":{"line":9,"column":17},"end":{"line":9,"column":38}},"6":{"start":{"line":10,"column":2},"end":{"line":12,"column":3}},"7":{"start":{"line":11,"column":4},"end":{"line":11,"column":86}},"8":{"start":{"line":14,"column":30},"end":{"line":14,"column":38}},"9":{"start":{"line":16,"column":2},"end":{"line":47,"column":3}},"10":{"start":{"line":17,"column":17},"end":{"line":17,"column":46}},"11":{"start":{"line":18,"column":4},"end":{"line":20,"column":5}},"12":{"start":{"line":19,"column":6},"end":{"line":19,"column":77}},"13":{"start":{"line":22,"column":28},"end":{"line":22,"column":73}},"14":{"start":{"line":23,"column":4},"end":{"line":25,"column":5}},"15":{"start":{"line":24,"column":6},"end":{"line":24,"column":77}},"16":{"start":{"line":27,"column":18},"end":{"line":31,"column":5}},"17":{"start":{"line":33,"column":4},"end":{"line":43,"column":7}},"18":{"start":{"line":45,"column":4},"end":{"line":45,"column":51}},"19":{"start":{"line":46,"column":4},"end":{"line":46,"column":54}},"20":{"start":{"line":50,"column":0},"end":{"line":52,"column":2}}},"fnMap":{"0":{"name":"(anonymous_0)","decl":{"start":{"line":7,"column":18},"end":{"line":7,"column":19}},"loc":{"start":{"line":7,"column":38},"end":{"line":48,"column":1}},"line":7}},"branchMap":{"0":{"loc":{"start":{"line":10,"column":2},"end":{"line":12,"column":3}},"type":"if","locations":[{"start":{"line":10,"column":2},"end":{"line":12,"column":3}},{"start":{},"end":{}}],"line":10},"1":{"loc":{"start":{"line":18,"column":4},"end":{"line":20,"column":5}},"type":"if","locations":[{"start":{"line":18,"column":4},"end":{"line":20,"column":5}},{"start":{},"end":{}}],"line":18},"2":{"loc":{"start":{"line":23,"column":4},"end":{"line":25,"column":5}},"type":"if","locations":[{"start":{"line":23,"column":4},"end":{"line":25,"column":5}},{"start":{},"end":{}}],"line":23},"3":{"loc":{"start":{"line":41,"column":18},"end":{"line":41,"column":69}},"type":"cond-expr","locations":[{"start":{"line":41,"column":34},"end":{"line":41,"column":62}},{"start":{"line":41,"column":65},"end":{"line":41,"column":69}}],"line":41}},"s":{"0":8,"1":8,"2":8,"3":8,"4":8,"5":9,"6":9,"7":4,"8":5,"9":5,"10":5,"11":5,"12":2,"13":3,"14":3,"15":1,"16":2,"17":2,"18":0,"19":0,"20":8},"f":{"0":9},"b":{"0":[4,5],"1":[2,3],"2":[1,2],"3":[0,2]},"_coverageSchema":"1a1c01bbd47fc00a2c39e90264f33305004495a9","hash":"f62bad9a8677b860cb223b759f922acd5cbc991f"}
,"C:\\football-app\\backend\\middleware\\auth.js": {"path":"C:\\football-app\\backend\\middleware\\auth.js","statementMap":{"0":{"start":{"line":1,"column":12},"end":{"line":1,"column":35}},"1":{"start":{"line":2,"column":13},"end":{"line":2,"column":38}},"2":{"start":{"line":4,"column":13},"end":{"line":36,"column":1}},"3":{"start":{"line":5,"column":2},"end":{"line":35,"column":3}},"4":{"start":{"line":6,"column":18},"end":{"line":6,"column":69}},"5":{"start":{"line":8,"column":4},"end":{"line":10,"column":5}},"6":{"start":{"line":9,"column":6},"end":{"line":9,"column":75}},"7":{"start":{"line":12,"column":20},"end":{"line":12,"column":61}},"8":{"start":{"line":14,"column":17},"end":{"line":14,"column":48}},"9":{"start":{"line":15,"column":4},"end":{"line":17,"column":5}},"10":{"start":{"line":16,"column":6},"end":{"line":16,"column":48}},"11":{"start":{"line":19,"column":4},"end":{"line":27,"column":6}},"12":{"start":{"line":29,"column":4},"end":{"line":29,"column":11}},"13":{"start":{"line":31,"column":4},"end":{"line":33,"column":5}},"14":{"start":{"line":32,"column":6},"end":{"line":32,"column":80}},"15":{"start":{"line":34,"column":4},"end":{"line":34,"column":80}},"16":{"start":{"line":38,"column":0},"end":{"line":38,"column":22}}},"fnMap":{"0":{"name":"(anonymous_0)","decl":{"start":{"line":4,"column":13},"end":{"line":4,"column":14}},"loc":{"start":{"line":4,"column":39},"end":{"line":36,"column":1}},"line":4}},"branchMap":{"0":{"loc":{"start":{"line":8,"column":4},"end":{"line":10,"column":5}},"type":"if","locations":[{"start":{"line":8,"column":4},"end":{"line":10,"column":5}},{"start":{},"end":{}}],"line":8},"1":{"loc":{"start":{"line":15,"column":4},"end":{"line":17,"column":5}},"type":"if","locations":[{"start":{"line":15,"column":4},"end":{"line":17,"column":5}},{"start":{},"end":{}}],"line":15},"2":{"loc":{"start":{"line":24,"column":16},"end":{"line":24,"column":63}},"type":"cond-expr","locations":[{"start":{"line":24,"column":32},"end":{"line":24,"column":56}},{"start":{"line":24,"column":59},"end":{"line":24,"column":63}}],"line":24},"3":{"loc":{"start":{"line":25,"column":17},"end":{"line":25,"column":66}},"type":"cond-expr","locations":[{"start":{"line":25,"column":34},"end":{"line":25,"column":59}},{"start":{"line":25,"column":62},"end":{"line":25,"column":66}}],"line":25},"4":{"loc":{"start":{"line":26,"column":15},"end":{"line":26,"column":60}},"type":"cond-expr","locations":[{"start":{"line":26,"column":30},"end":{"line":26,"column":53}},{"start":{"line":26,"column":56},"end":{"line":26,"column":60}}],"line":26},"5":{"loc":{"start":{"line":31,"column":4},"end":{"line":33,"column":5}},"type":"if","locations":[{"start":{"line":31,"column":4},"end":{"line":33,"column":5}},{"start":{},"end":{}}],"line":31}},"s":{"0":2,"1":2,"2":2,"3":0,"4":0,"5":0,"6":0,"7":0,"8":0,"9":0,"10":0,"11":0,"12":0,"13":0,"14":0,"15":0,"16":2},"f":{"0":0},"b":{"0":[0,0],"1":[0,0],"2":[0,0],"3":[0,0],"4":[0,0],"5":[0,0]},"_coverageSchema":"1a1c01bbd47fc00a2c39e90264f33305004495a9","hash":"5e76dc2d3cecd2d11cf512910220abfc1efea3de"}
,"C:\\football-app\\backend\\middleware\\cronJobs.js": {"path":"C:\\football-app\\backend\\middleware\\cronJobs.js","statementMap":{"0":{"start":{"line":1,"column":13},"end":{"line":1,"column":33}},"1":{"start":{"line":2,"column":14},"end":{"line":2,"column":40}},"2":{"start":{"line":3,"column":21},"end":{"line":3,"column":54}},"3":{"start":{"line":4,"column":22},"end":{"line":4,"column":57}},"4":{"start":{"line":5,"column":13},"end":{"line":5,"column":28}},"5":{"start":{"line":6,"column":11},"end":{"line":6,"column":33}},"6":{"start":{"line":9,"column":26},"end":{"line":39,"column":1}},"7":{"start":{"line":10,"column":2},"end":{"line":38,"column":5}},"8":{"start":{"line":11,"column":4},"end":{"line":37,"column":5}},"9":{"start":{"line":12,"column":6},"end":{"line":12,"column":55}},"10":{"start":{"line":13,"column":18},"end":{"line":13,"column":28}},"11":{"start":{"line":16,"column":29},"end":{"line":19,"column":8}},"12":{"start":{"line":21,"column":6},"end":{"line":24,"column":7}},"13":{"start":{"line":22,"column":8},"end":{"line":22,"column":59}},"14":{"start":{"line":23,"column":8},"end":{"line":23,"column":15}},"15":{"start":{"line":27,"column":6},"end":{"line":32,"column":8}},"16":{"start":{"line":29,"column":10},"end":{"line":29,"column":36}},"17":{"start":{"line":30,"column":10},"end":{"line":30,"column":29}},"18":{"start":{"line":34,"column":6},"end":{"line":34,"column":99}},"19":{"start":{"line":36,"column":6},"end":{"line":36,"column":79}},"20":{"start":{"line":41,"column":30},"end":{"line":53,"column":1}},"21":{"start":{"line":42,"column":2},"end":{"line":52,"column":5}},"22":{"start":{"line":43,"column":4},"end":{"line":51,"column":5}},"23":{"start":{"line":44,"column":28},"end":{"line":44,"column":38}},"24":{"start":{"line":45,"column":6},"end":{"line":45,"column":58}},"25":{"start":{"line":47,"column":6},"end":{"line":47,"column":75}},"26":{"start":{"line":48,"column":6},"end":{"line":48,"column":74}},"27":{"start":{"line":50,"column":6},"end":{"line":50,"column":71}},"28":{"start":{"line":55,"column":29},"end":{"line":64,"column":1}},"29":{"start":{"line":56,"column":2},"end":{"line":63,"column":5}},"30":{"start":{"line":57,"column":4},"end":{"line":62,"column":5}},"31":{"start":{"line":58,"column":6},"end":{"line":58,"column":63}},"32":{"start":{"line":59,"column":6},"end":{"line":59,"column":28}},"33":{"start":{"line":61,"column":6},"end":{"line":61,"column":57}},"34":{"start":{"line":67,"column":24},"end":{"line":92,"column":1}},"35":{"start":{"line":68,"column":2},"end":{"line":91,"column":5}},"36":{"start":{"line":69,"column":4},"end":{"line":90,"column":5}},"37":{"start":{"line":70,"column":6},"end":{"line":70,"column":67}},"38":{"start":{"line":71,"column":24},"end":{"line":71,"column":58}},"39":{"start":{"line":72,"column":25},"end":{"line":72,"column":35}},"40":{"start":{"line":73,"column":6},"end":{"line":73,"column":59}},"41":{"start":{"line":75,"column":28},"end":{"line":75,"column":55}},"42":{"start":{"line":76,"column":6},"end":{"line":86,"column":7}},"43":{"start":{"line":77,"column":8},"end":{"line":85,"column":9}},"44":{"start":{"line":78,"column":26},"end":{"line":78,"column":55}},"45":{"start":{"line":79,"column":29},"end":{"line":79,"column":46}},"46":{"start":{"line":80,"column":10},"end":{"line":84,"column":11}},"47":{"start":{"line":81,"column":31},"end":{"line":81,"column":59}},"48":{"start":{"line":82,"column":12},"end":{"line":82,"column":70}},"49":{"start":{"line":83,"column":12},"end":{"line":83,"column":61}},"50":{"start":{"line":87,"column":6},"end":{"line":87,"column":72}},"51":{"start":{"line":89,"column":6},"end":{"line":89,"column":71}},"52":{"start":{"line":93,"column":0},"end":{"line":93,"column":101}}},"fnMap":{"0":{"name":"(anonymous_0)","decl":{"start":{"line":9,"column":26},"end":{"line":9,"column":27}},"loc":{"start":{"line":9,"column":32},"end":{"line":39,"column":1}},"line":9},"1":{"name":"(anonymous_1)","decl":{"start":{"line":10,"column":29},"end":{"line":10,"column":30}},"loc":{"start":{"line":10,"column":41},"end":{"line":38,"column":3}},"line":10},"2":{"name":"(anonymous_2)","decl":{"start":{"line":28,"column":27},"end":{"line":28,"column":28}},"loc":{"start":{"line":28,"column":44},"end":{"line":31,"column":9}},"line":28},"3":{"name":"(anonymous_3)","decl":{"start":{"line":41,"column":30},"end":{"line":41,"column":31}},"loc":{"start":{"line":41,"column":36},"end":{"line":53,"column":1}},"line":41},"4":{"name":"(anonymous_4)","decl":{"start":{"line":42,"column":29},"end":{"line":42,"column":30}},"loc":{"start":{"line":42,"column":41},"end":{"line":52,"column":3}},"line":42},"5":{"name":"(anonymous_5)","decl":{"start":{"line":55,"column":29},"end":{"line":55,"column":30}},"loc":{"start":{"line":55,"column":35},"end":{"line":64,"column":1}},"line":55},"6":{"name":"(anonymous_6)","decl":{"start":{"line":56,"column":29},"end":{"line":56,"column":30}},"loc":{"start":{"line":56,"column":41},"end":{"line":63,"column":3}},"line":56},"7":{"name":"(anonymous_7)","decl":{"start":{"line":67,"column":24},"end":{"line":67,"column":25}},"loc":{"start":{"line":67,"column":30},"end":{"line":92,"column":1}},"line":67},"8":{"name":"(anonymous_8)","decl":{"start":{"line":68,"column":29},"end":{"line":68,"column":30}},"loc":{"start":{"line":68,"column":41},"end":{"line":91,"column":3}},"line":68}},"branchMap":{"0":{"loc":{"start":{"line":21,"column":6},"end":{"line":24,"column":7}},"type":"if","locations":[{"start":{"line":21,"column":6},"end":{"line":24,"column":7}},{"start":{},"end":{}}],"line":21},"1":{"loc":{"start":{"line":77,"column":8},"end":{"line":85,"column":9}},"type":"if","locations":[{"start":{"line":77,"column":8},"end":{"line":85,"column":9}},{"start":{},"end":{}}],"line":77},"2":{"loc":{"start":{"line":80,"column":10},"end":{"line":84,"column":11}},"type":"if","locations":[{"start":{"line":80,"column":10},"end":{"line":84,"column":11}},{"start":{},"end":{}}],"line":80}},"s":{"0":1,"1":1,"2":1,"3":1,"4":1,"5":1,"6":1,"7":3,"8":3,"9":3,"10":3,"11":3,"12":2,"13":1,"14":1,"15":1,"16":1,"17":1,"18":1,"19":1,"20":1,"21":0,"22":0,"23":0,"24":0,"25":0,"26":0,"27":0,"28":1,"29":0,"30":0,"31":0,"32":0,"33":0,"34":1,"35":0,"36":0,"37":0,"38":0,"39":0,"40":0,"41":0,"42":0,"43":0,"44":0,"45":0,"46":0,"47":0,"48":0,"49":0,"50":0,"51":0,"52":1},"f":{"0":3,"1":3,"2":1,"3":0,"4":0,"5":0,"6":0,"7":0,"8":0},"b":{"0":[1,1],"1":[0,0],"2":[0,0]},"_coverageSchema":"1a1c01bbd47fc00a2c39e90264f33305004495a9","hash":"d8ce2574f5e657dd5a9a92777ac144144d3dde44"}
,"C:\\football-app\\backend\\middleware\\openaiService.js": {"path":"C:\\football-app\\backend\\middleware\\openaiService.js","statementMap":{"0":{"start":{"line":1,"column":15},"end":{"line":1,"column":32}},"1":{"start":{"line":2,"column":15},"end":{"line":2,"column":32}},"2":{"start":{"line":4,"column":0},"end":{"line":4,"column":16}},"3":{"start":{"line":6,"column":15},"end":{"line":8,"column":2}},"4":{"start":{"line":11,"column":19},"end":{"line":19,"column":3}},"5":{"start":{"line":21,"column":2},"end":{"line":33,"column":3}},"6":{"start":{"line":22,"column":21},"end":{"line":27,"column":6}},"7":{"start":{"line":29,"column":4},"end":{"line":29,"column":54}},"8":{"start":{"line":31,"column":4},"end":{"line":31,"column":54}},"9":{"start":{"line":32,"column":4},"end":{"line":32,"column":39}},"10":{"start":{"line":36,"column":0},"end":{"line":36,"column":45}}},"fnMap":{"0":{"name":"generateFeedbackSummary","decl":{"start":{"line":10,"column":15},"end":{"line":10,"column":38}},"loc":{"start":{"line":10,"column":49},"end":{"line":34,"column":1}},"line":10}},"branchMap":{},"s":{"0":8,"1":8,"2":8,"3":8,"4":0,"5":0,"6":0,"7":0,"8":0,"9":0,"10":8},"f":{"0":0},"b":{},"_coverageSchema":"1a1c01bbd47fc00a2c39e90264f33305004495a9","hash":"07eb77dd5b38bead08208af598fcae101b441b82"}
,"C:\\football-app\\backend\\middleware\\playerStatus.js": {"path":"C:\\football-app\\backend\\middleware\\playerStatus.js","statementMap":{"0":{"start":{"line":1,"column":15},"end":{"line":1,"column":42}},"1":{"start":{"line":2,"column":15},"end":{"line":2,"column":42}},"2":{"start":{"line":4,"column":25},"end":{"line":26,"column":1}},"3":{"start":{"line":5,"column":2},"end":{"line":25,"column":3}},"4":{"start":{"line":6,"column":27},"end":{"line":9,"column":30}},"5":{"start":{"line":11,"column":19},"end":{"line":11,"column":50}},"6":{"start":{"line":12,"column":4},"end":{"line":12,"column":63}},"7":{"start":{"line":12,"column":17},"end":{"line":12,"column":63}},"8":{"start":{"line":14,"column":4},"end":{"line":19,"column":5}},"9":{"start":{"line":15,"column":6},"end":{"line":15,"column":35}},"10":{"start":{"line":17,"column":27},"end":{"line":17,"column":44}},"11":{"start":{"line":18,"column":6},"end":{"line":18,"column":83}},"12":{"start":{"line":21,"column":4},"end":{"line":21,"column":24}},"13":{"start":{"line":23,"column":4},"end":{"line":23,"column":64}},"14":{"start":{"line":24,"column":4},"end":{"line":24,"column":16}},"15":{"start":{"line":28,"column":0},"end":{"line":28,"column":38}}},"fnMap":{"0":{"name":"(anonymous_0)","decl":{"start":{"line":4,"column":25},"end":{"line":4,"column":26}},"loc":{"start":{"line":4,"column":45},"end":{"line":26,"column":1}},"line":4}},"branchMap":{"0":{"loc":{"start":{"line":12,"column":4},"end":{"line":12,"column":63}},"type":"if","locations":[{"start":{"line":12,"column":4},"end":{"line":12,"column":63}},{"start":{},"end":{}}],"line":12},"1":{"loc":{"start":{"line":14,"column":4},"end":{"line":19,"column":5}},"type":"if","locations":[{"start":{"line":14,"column":4},"end":{"line":19,"column":5}},{"start":{"line":16,"column":11},"end":{"line":19,"column":5}}],"line":14},"2":{"loc":{"start":{"line":18,"column":22},"end":{"line":18,"column":82}},"type":"cond-expr","locations":[{"start":{"line":18,"column":58},"end":{"line":18,"column":67}},{"start":{"line":18,"column":70},"end":{"line":18,"column":82}}],"line":18}},"s":{"0":8,"1":8,"2":8,"3":0,"4":0,"5":0,"6":0,"7":0,"8":0,"9":0,"10":0,"11":0,"12":0,"13":0,"14":0,"15":8},"f":{"0":0},"b":{"0":[0,0],"1":[0,0],"2":[0,0]},"_coverageSchema":"1a1c01bbd47fc00a2c39e90264f33305004495a9","hash":"19bcf239d9f4a704fb9479b6a84836a60d11a487"}
,"C:\\football-app\\backend\\models\\Announcement.js": {"path":"C:\\football-app\\backend\\models\\Announcement.js","statementMap":{"0":{"start":{"line":1,"column":17},"end":{"line":1,"column":36}},"1":{"start":{"line":3,"column":27},"end":{"line":33,"column":24}},"2":{"start":{"line":19,"column":8},"end":{"line":19,"column":35}},"3":{"start":{"line":35,"column":0},"end":{"line":35,"column":68}}},"fnMap":{"0":{"name":"(anonymous_0)","decl":{"start":{"line":18,"column":17},"end":{"line":18,"column":18}},"loc":{"start":{"line":18,"column":34},"end":{"line":20,"column":7}},"line":18}},"branchMap":{},"s":{"0":8,"1":8,"2":0,"3":8},"f":{"0":0},"b":{},"_coverageSchema":"1a1c01bbd47fc00a2c39e90264f33305004495a9","hash":"ce391b3a03c63e8b7f0137b0acfd9089fe7917aa"}
,"C:\\football-app\\backend\\models\\Event.js": {"path":"C:\\football-app\\backend\\models\\Event.js","statementMap":{"0":{"start":{"line":1,"column":17},"end":{"line":1,"column":36}},"1":{"start":{"line":2,"column":21},"end":{"line":2,"column":46}},"2":{"start":{"line":3,"column":30},"end":{"line":3,"column":64}},"3":{"start":{"line":4,"column":36},"end":{"line":4,"column":74}},"4":{"start":{"line":7,"column":20},"end":{"line":16,"column":24}},"5":{"start":{"line":19,"column":29},"end":{"line":26,"column":1}},"6":{"start":{"line":20,"column":2},"end":{"line":25,"column":3}},"7":{"start":{"line":21,"column":17},"end":{"line":21,"column":26}},"8":{"start":{"line":22,"column":20},"end":{"line":22,"column":29}},"9":{"start":{"line":23,"column":16},"end":{"line":23,"column":25}},"10":{"start":{"line":24,"column":13},"end":{"line":24,"column":22}},"11":{"start":{"line":29,"column":0},"end":{"line":62,"column":3}},"12":{"start":{"line":30,"column":2},"end":{"line":61,"column":3}},"13":{"start":{"line":31,"column":18},"end":{"line":31,"column":22}},"14":{"start":{"line":33,"column":4},"end":{"line":35,"column":5}},"15":{"start":{"line":34,"column":6},"end":{"line":34,"column":67}},"16":{"start":{"line":37,"column":4},"end":{"line":43,"column":5}},"17":{"start":{"line":38,"column":20},"end":{"line":38,"column":86}},"18":{"start":{"line":39,"column":29},"end":{"line":39,"column":91}},"19":{"start":{"line":39,"column":50},"end":{"line":39,"column":90}},"20":{"start":{"line":40,"column":6},"end":{"line":42,"column":7}},"21":{"start":{"line":41,"column":8},"end":{"line":41,"column":76}},"22":{"start":{"line":45,"column":4},"end":{"line":51,"column":5}},"23":{"start":{"line":46,"column":20},"end":{"line":46,"column":84}},"24":{"start":{"line":47,"column":27},"end":{"line":47,"column":87}},"25":{"start":{"line":47,"column":48},"end":{"line":47,"column":86}},"26":{"start":{"line":48,"column":6},"end":{"line":50,"column":7}},"27":{"start":{"line":49,"column":8},"end":{"line":49,"column":71}},"28":{"start":{"line":53,"column":20},"end":{"line":53,"column":74}},"29":{"start":{"line":54,"column":4},"end":{"line":56,"column":5}},"30":{"start":{"line":55,"column":6},"end":{"line":55,"column":97}},"31":{"start":{"line":58,"column":4},"end":{"line":58,"column":11}},"32":{"start":{"line":60,"column":4},"end":{"line":60,"column":16}},"33":{"start":{"line":65,"column":28},"end":{"line":65,"column":30}},"34":{"start":{"line":68,"column":0},"end":{"line":97,"column":3}},"35":{"start":{"line":69,"column":2},"end":{"line":96,"column":3}},"36":{"start":{"line":70,"column":18},"end":{"line":70,"column":59}},"37":{"start":{"line":71,"column":4},"end":{"line":91,"column":5}},"38":{"start":{"line":72,"column":23},"end":{"line":72,"column":49}},"39":{"start":{"line":73,"column":24},"end":{"line":73,"column":67}},"40":{"start":{"line":76,"column":6},"end":{"line":79,"column":10}},"41":{"start":{"line":76,"column":51},"end":{"line":79,"column":7}},"42":{"start":{"line":82,"column":6},"end":{"line":86,"column":11}},"43":{"start":{"line":82,"column":76},"end":{"line":82,"column":114}},"44":{"start":{"line":84,"column":42},"end":{"line":84,"column":57}},"45":{"start":{"line":85,"column":10},"end":{"line":85,"column":43}},"46":{"start":{"line":89,"column":6},"end":{"line":89,"column":56}},"47":{"start":{"line":90,"column":6},"end":{"line":90,"column":84}},"48":{"start":{"line":92,"column":4},"end":{"line":92,"column":11}},"49":{"start":{"line":94,"column":4},"end":{"line":94,"column":65}},"50":{"start":{"line":95,"column":4},"end":{"line":95,"column":16}},"51":{"start":{"line":100,"column":0},"end":{"line":157,"column":3}},"52":{"start":{"line":101,"column":2},"end":{"line":156,"column":3}},"53":{"start":{"line":102,"column":18},"end":{"line":102,"column":21}},"54":{"start":{"line":103,"column":4},"end":{"line":151,"column":5}},"55":{"start":{"line":105,"column":6},"end":{"line":105,"column":74}},"56":{"start":{"line":106,"column":6},"end":{"line":106,"column":82}},"57":{"start":{"line":109,"column":23},"end":{"line":109,"column":49}},"58":{"start":{"line":110,"column":6},"end":{"line":147,"column":7}},"59":{"start":{"line":111,"column":35},"end":{"line":114,"column":10}},"60":{"start":{"line":116,"column":8},"end":{"line":146,"column":9}},"61":{"start":{"line":118,"column":10},"end":{"line":121,"column":13}},"62":{"start":{"line":122,"column":10},"end":{"line":122,"column":105}},"63":{"start":{"line":125,"column":36},"end":{"line":125,"column":127}},"64":{"start":{"line":125,"column":75},"end":{"line":125,"column":123}},"65":{"start":{"line":126,"column":38},"end":{"line":126,"column":83}},"66":{"start":{"line":128,"column":27},"end":{"line":128,"column":82}},"67":{"start":{"line":128,"column":56},"end":{"line":128,"column":66}},"68":{"start":{"line":128,"column":80},"end":{"line":128,"column":81}},"69":{"start":{"line":129,"column":24},"end":{"line":129,"column":51}},"70":{"start":{"line":130,"column":10},"end":{"line":132,"column":11}},"71":{"start":{"line":131,"column":12},"end":{"line":131,"column":62}},"72":{"start":{"line":134,"column":10},"end":{"line":143,"column":12}},"73":{"start":{"line":145,"column":10},"end":{"line":145,"column":120}},"74":{"start":{"line":150,"column":6},"end":{"line":150,"column":33}},"75":{"start":{"line":152,"column":4},"end":{"line":152,"column":11}},"76":{"start":{"line":154,"column":4},"end":{"line":154,"column":77}},"77":{"start":{"line":155,"column":4},"end":{"line":155,"column":16}},"78":{"start":{"line":158,"column":0},"end":{"line":189,"column":3}},"79":{"start":{"line":159,"column":2},"end":{"line":188,"column":3}},"80":{"start":{"line":160,"column":18},"end":{"line":160,"column":21}},"81":{"start":{"line":161,"column":25},"end":{"line":161,"column":73}},"82":{"start":{"line":162,"column":22},"end":{"line":168,"column":6}},"83":{"start":{"line":170,"column":26},"end":{"line":179,"column":7}},"84":{"start":{"line":170,"column":54},"end":{"line":179,"column":5}},"85":{"start":{"line":181,"column":4},"end":{"line":181,"column":49}},"86":{"start":{"line":182,"column":4},"end":{"line":182,"column":113}},"87":{"start":{"line":184,"column":4},"end":{"line":184,"column":11}},"88":{"start":{"line":186,"column":4},"end":{"line":186,"column":63}},"89":{"start":{"line":187,"column":4},"end":{"line":187,"column":16}},"90":{"start":{"line":191,"column":0},"end":{"line":191,"column":54}}},"fnMap":{"0":{"name":"(anonymous_0)","decl":{"start":{"line":19,"column":29},"end":{"line":19,"column":30}},"loc":{"start":{"line":19,"column":40},"end":{"line":26,"column":1}},"line":19},"1":{"name":"(anonymous_1)","decl":{"start":{"line":29,"column":24},"end":{"line":29,"column":25}},"loc":{"start":{"line":29,"column":46},"end":{"line":62,"column":1}},"line":29},"2":{"name":"(anonymous_2)","decl":{"start":{"line":39,"column":42},"end":{"line":39,"column":43}},"loc":{"start":{"line":39,"column":50},"end":{"line":39,"column":90}},"line":39},"3":{"name":"(anonymous_3)","decl":{"start":{"line":47,"column":40},"end":{"line":47,"column":41}},"loc":{"start":{"line":47,"column":48},"end":{"line":47,"column":86}},"line":47},"4":{"name":"(anonymous_4)","decl":{"start":{"line":68,"column":36},"end":{"line":68,"column":37}},"loc":{"start":{"line":68,"column":58},"end":{"line":97,"column":1}},"line":68},"5":{"name":"(anonymous_5)","decl":{"start":{"line":76,"column":44},"end":{"line":76,"column":45}},"loc":{"start":{"line":76,"column":51},"end":{"line":79,"column":7}},"line":76},"6":{"name":"(anonymous_6)","decl":{"start":{"line":82,"column":68},"end":{"line":82,"column":69}},"loc":{"start":{"line":82,"column":76},"end":{"line":82,"column":114}},"line":82},"7":{"name":"(anonymous_7)","decl":{"start":{"line":83,"column":13},"end":{"line":83,"column":14}},"loc":{"start":{"line":83,"column":21},"end":{"line":86,"column":9}},"line":83},"8":{"name":"(anonymous_8)","decl":{"start":{"line":100,"column":37},"end":{"line":100,"column":38}},"loc":{"start":{"line":100,"column":64},"end":{"line":157,"column":1}},"line":100},"9":{"name":"(anonymous_9)","decl":{"start":{"line":125,"column":62},"end":{"line":125,"column":63}},"loc":{"start":{"line":125,"column":75},"end":{"line":125,"column":123}},"line":125},"10":{"name":"(anonymous_10)","decl":{"start":{"line":128,"column":50},"end":{"line":128,"column":51}},"loc":{"start":{"line":128,"column":56},"end":{"line":128,"column":66}},"line":128},"11":{"name":"(anonymous_11)","decl":{"start":{"line":128,"column":75},"end":{"line":128,"column":76}},"loc":{"start":{"line":128,"column":80},"end":{"line":128,"column":81}},"line":128},"12":{"name":"(anonymous_12)","decl":{"start":{"line":158,"column":25},"end":{"line":158,"column":26}},"loc":{"start":{"line":158,"column":52},"end":{"line":189,"column":1}},"line":158},"13":{"name":"(anonymous_13)","decl":{"start":{"line":170,"column":43},"end":{"line":170,"column":44}},"loc":{"start":{"line":170,"column":54},"end":{"line":179,"column":5}},"line":170}},"branchMap":{"0":{"loc":{"start":{"line":20,"column":2},"end":{"line":25,"column":3}},"type":"switch","locations":[{"start":{"line":21,"column":4},"end":{"line":21,"column":26}},{"start":{"line":22,"column":4},"end":{"line":22,"column":29}},{"start":{"line":23,"column":4},"end":{"line":23,"column":25}},{"start":{"line":24,"column":4},"end":{"line":24,"column":22}}],"line":20},"1":{"loc":{"start":{"line":33,"column":4},"end":{"line":35,"column":5}},"type":"if","locations":[{"start":{"line":33,"column":4},"end":{"line":35,"column":5}},{"start":{},"end":{}}],"line":33},"2":{"loc":{"start":{"line":37,"column":4},"end":{"line":43,"column":5}},"type":"if","locations":[{"start":{"line":37,"column":4},"end":{"line":43,"column":5}},{"start":{},"end":{}}],"line":37},"3":{"loc":{"start":{"line":37,"column":8},"end":{"line":37,"column":49}},"type":"binary-expr","locations":[{"start":{"line":37,"column":8},"end":{"line":37,"column":21}},{"start":{"line":37,"column":25},"end":{"line":37,"column":49}}],"line":37},"4":{"loc":{"start":{"line":39,"column":50},"end":{"line":39,"column":90}},"type":"binary-expr","locations":[{"start":{"line":39,"column":50},"end":{"line":39,"column":72}},{"start":{"line":39,"column":76},"end":{"line":39,"column":90}}],"line":39},"5":{"loc":{"start":{"line":40,"column":6},"end":{"line":42,"column":7}},"type":"if","locations":[{"start":{"line":40,"column":6},"end":{"line":42,"column":7}},{"start":{},"end":{}}],"line":40},"6":{"loc":{"start":{"line":45,"column":4},"end":{"line":51,"column":5}},"type":"if","locations":[{"start":{"line":45,"column":4},"end":{"line":51,"column":5}},{"start":{},"end":{}}],"line":45},"7":{"loc":{"start":{"line":45,"column":8},"end":{"line":45,"column":45}},"type":"binary-expr","locations":[{"start":{"line":45,"column":8},"end":{"line":45,"column":19}},{"start":{"line":45,"column":23},"end":{"line":45,"column":45}}],"line":45},"8":{"loc":{"start":{"line":47,"column":48},"end":{"line":47,"column":86}},"type":"binary-expr","locations":[{"start":{"line":47,"column":48},"end":{"line":47,"column":69}},{"start":{"line":47,"column":73},"end":{"line":47,"column":86}}],"line":47},"9":{"loc":{"start":{"line":48,"column":6},"end":{"line":50,"column":7}},"type":"if","locations":[{"start":{"line":48,"column":6},"end":{"line":50,"column":7}},{"start":{},"end":{}}],"line":48},"10":{"loc":{"start":{"line":54,"column":4},"end":{"line":56,"column":5}},"type":"if","locations":[{"start":{"line":54,"column":4},"end":{"line":56,"column":5}},{"start":{},"end":{}}],"line":54},"11":{"loc":{"start":{"line":54,"column":8},"end":{"line":54,"column":63}},"type":"binary-expr","locations":[{"start":{"line":54,"column":8},"end":{"line":54,"column":15}},{"start":{"line":54,"column":19},"end":{"line":54,"column":63}}],"line":54},"12":{"loc":{"start":{"line":71,"column":4},"end":{"line":91,"column":5}},"type":"if","locations":[{"start":{"line":71,"column":4},"end":{"line":91,"column":5}},{"start":{},"end":{}}],"line":71},"13":{"loc":{"start":{"line":103,"column":4},"end":{"line":151,"column":5}},"type":"if","locations":[{"start":{"line":103,"column":4},"end":{"line":151,"column":5}},{"start":{},"end":{}}],"line":103},"14":{"loc":{"start":{"line":116,"column":8},"end":{"line":146,"column":9}},"type":"if","locations":[{"start":{"line":116,"column":8},"end":{"line":146,"column":9}},{"start":{"line":123,"column":15},"end":{"line":146,"column":9}}],"line":116},"15":{"loc":{"start":{"line":130,"column":10},"end":{"line":132,"column":11}},"type":"if","locations":[{"start":{"line":130,"column":10},"end":{"line":132,"column":11}},{"start":{},"end":{}}],"line":130}},"s":{"0":9,"1":9,"2":9,"3":9,"4":9,"5":9,"6":0,"7":0,"8":0,"9":0,"10":0,"11":9,"12":15,"13":15,"14":15,"15":0,"16":15,"17":5,"18":5,"19":6,"20":5,"21":0,"22":15,"23":0,"24":0,"25":0,"26":0,"27":0,"28":15,"29":15,"30":0,"31":15,"32":0,"33":9,"34":9,"35":3,"36":3,"37":3,"38":3,"39":3,"40":3,"41":2,"42":3,"43":2,"44":2,"45":2,"46":3,"47":3,"48":3,"49":0,"50":0,"51":9,"52":3,"53":3,"54":3,"55":3,"56":3,"57":3,"58":3,"59":2,"60":2,"61":2,"62":2,"63":0,"64":0,"65":0,"66":0,"67":0,"68":0,"69":0,"70":0,"71":0,"72":0,"73":0,"74":3,"75":3,"76":0,"77":0,"78":9,"79":15,"80":15,"81":15,"82":15,"83":15,"84":6,"85":15,"86":15,"87":15,"88":0,"89":0,"90":9},"f":{"0":0,"1":15,"2":6,"3":0,"4":3,"5":2,"6":2,"7":2,"8":3,"9":0,"10":0,"11":0,"12":15,"13":6},"b":{"0":[0,0,0,0],"1":[0,15],"2":[5,10],"3":[15,15],"4":[6,6],"5":[0,5],"6":[0,15],"7":[15,15],"8":[0,0],"9":[0,0],"10":[0,15],"11":[15,15],"12":[3,0],"13":[3,0],"14":[2,0],"15":[0,0]},"_coverageSchema":"1a1c01bbd47fc00a2c39e90264f33305004495a9","hash":"420801c2e5f2c397509397d04887a46a3a28c83c"}
,"C:\\football-app\\backend\\models\\Feedback.js": {"path":"C:\\football-app\\backend\\models\\Feedback.js","statementMap":{"0":{"start":{"line":1,"column":17},"end":{"line":1,"column":36}},"1":{"start":{"line":2,"column":21},"end":{"line":2,"column":46}},"2":{"start":{"line":3,"column":30},"end":{"line":3,"column":64}},"3":{"start":{"line":4,"column":36},"end":{"line":4,"column":74}},"4":{"start":{"line":6,"column":23},"end":{"line":33,"column":24}},"5":{"start":{"line":36,"column":0},"end":{"line":36,"column":70}},"6":{"start":{"line":39,"column":29},"end":{"line":46,"column":1}},"7":{"start":{"line":40,"column":2},"end":{"line":45,"column":3}},"8":{"start":{"line":41,"column":17},"end":{"line":41,"column":26}},"9":{"start":{"line":42,"column":20},"end":{"line":42,"column":29}},"10":{"start":{"line":43,"column":16},"end":{"line":43,"column":25}},"11":{"start":{"line":44,"column":13},"end":{"line":44,"column":22}},"12":{"start":{"line":48,"column":0},"end":{"line":116,"column":3}},"13":{"start":{"line":49,"column":2},"end":{"line":115,"column":3}},"14":{"start":{"line":50,"column":21},"end":{"line":50,"column":24}},"15":{"start":{"line":53,"column":18},"end":{"line":53,"column":74}},"16":{"start":{"line":54,"column":4},"end":{"line":56,"column":5}},"17":{"start":{"line":55,"column":6},"end":{"line":55,"column":55}},"18":{"start":{"line":58,"column":22},"end":{"line":64,"column":6}},"19":{"start":{"line":66,"column":25},"end":{"line":75,"column":5}},"20":{"start":{"line":77,"column":4},"end":{"line":77,"column":44}},"21":{"start":{"line":78,"column":4},"end":{"line":78,"column":103}},"22":{"start":{"line":81,"column":22},"end":{"line":84,"column":6}},"23":{"start":{"line":87,"column":30},"end":{"line":87,"column":112}},"24":{"start":{"line":87,"column":60},"end":{"line":87,"column":108}},"25":{"start":{"line":88,"column":32},"end":{"line":88,"column":95}},"26":{"start":{"line":91,"column":21},"end":{"line":91,"column":67}},"27":{"start":{"line":91,"column":41},"end":{"line":91,"column":51}},"28":{"start":{"line":91,"column":65},"end":{"line":91,"column":66}},"29":{"start":{"line":92,"column":18},"end":{"line":92,"column":45}},"30":{"start":{"line":93,"column":4},"end":{"line":95,"column":5}},"31":{"start":{"line":94,"column":6},"end":{"line":94,"column":56}},"32":{"start":{"line":98,"column":4},"end":{"line":107,"column":6}},"33":{"start":{"line":109,"column":4},"end":{"line":109,"column":117}},"34":{"start":{"line":111,"column":4},"end":{"line":111,"column":11}},"35":{"start":{"line":113,"column":4},"end":{"line":113,"column":68}},"36":{"start":{"line":114,"column":4},"end":{"line":114,"column":16}},"37":{"start":{"line":118,"column":0},"end":{"line":173,"column":3}},"38":{"start":{"line":119,"column":2},"end":{"line":172,"column":3}},"39":{"start":{"line":120,"column":21},"end":{"line":120,"column":24}},"40":{"start":{"line":123,"column":4},"end":{"line":127,"column":7}},"41":{"start":{"line":128,"column":4},"end":{"line":128,"column":81}},"42":{"start":{"line":131,"column":31},"end":{"line":134,"column":6}},"43":{"start":{"line":136,"column":4},"end":{"line":166,"column":5}},"44":{"start":{"line":138,"column":6},"end":{"line":141,"column":9}},"45":{"start":{"line":142,"column":6},"end":{"line":142,"column":119}},"46":{"start":{"line":145,"column":32},"end":{"line":145,"column":123}},"47":{"start":{"line":145,"column":71},"end":{"line":145,"column":119}},"48":{"start":{"line":146,"column":34},"end":{"line":146,"column":79}},"49":{"start":{"line":148,"column":23},"end":{"line":148,"column":78}},"50":{"start":{"line":148,"column":52},"end":{"line":148,"column":62}},"51":{"start":{"line":148,"column":76},"end":{"line":148,"column":77}},"52":{"start":{"line":149,"column":20},"end":{"line":149,"column":47}},"53":{"start":{"line":150,"column":6},"end":{"line":152,"column":7}},"54":{"start":{"line":151,"column":8},"end":{"line":151,"column":58}},"55":{"start":{"line":154,"column":6},"end":{"line":163,"column":8}},"56":{"start":{"line":165,"column":6},"end":{"line":165,"column":134}},"57":{"start":{"line":168,"column":4},"end":{"line":168,"column":11}},"58":{"start":{"line":170,"column":4},"end":{"line":170,"column":80}},"59":{"start":{"line":171,"column":4},"end":{"line":171,"column":16}},"60":{"start":{"line":174,"column":0},"end":{"line":174,"column":60}}},"fnMap":{"0":{"name":"(anonymous_0)","decl":{"start":{"line":39,"column":29},"end":{"line":39,"column":30}},"loc":{"start":{"line":39,"column":40},"end":{"line":46,"column":1}},"line":39},"1":{"name":"(anonymous_1)","decl":{"start":{"line":48,"column":28},"end":{"line":48,"column":29}},"loc":{"start":{"line":48,"column":55},"end":{"line":116,"column":1}},"line":48},"2":{"name":"(anonymous_2)","decl":{"start":{"line":87,"column":47},"end":{"line":87,"column":48}},"loc":{"start":{"line":87,"column":60},"end":{"line":87,"column":108}},"line":87},"3":{"name":"(anonymous_3)","decl":{"start":{"line":91,"column":35},"end":{"line":91,"column":36}},"loc":{"start":{"line":91,"column":41},"end":{"line":91,"column":51}},"line":91},"4":{"name":"(anonymous_4)","decl":{"start":{"line":91,"column":60},"end":{"line":91,"column":61}},"loc":{"start":{"line":91,"column":65},"end":{"line":91,"column":66}},"line":91},"5":{"name":"(anonymous_5)","decl":{"start":{"line":118,"column":74},"end":{"line":118,"column":75}},"loc":{"start":{"line":118,"column":101},"end":{"line":173,"column":1}},"line":118},"6":{"name":"(anonymous_6)","decl":{"start":{"line":145,"column":58},"end":{"line":145,"column":59}},"loc":{"start":{"line":145,"column":71},"end":{"line":145,"column":119}},"line":145},"7":{"name":"(anonymous_7)","decl":{"start":{"line":148,"column":46},"end":{"line":148,"column":47}},"loc":{"start":{"line":148,"column":52},"end":{"line":148,"column":62}},"line":148},"8":{"name":"(anonymous_8)","decl":{"start":{"line":148,"column":71},"end":{"line":148,"column":72}},"loc":{"start":{"line":148,"column":76},"end":{"line":148,"column":77}},"line":148}},"branchMap":{"0":{"loc":{"start":{"line":40,"column":2},"end":{"line":45,"column":3}},"type":"switch","locations":[{"start":{"line":41,"column":4},"end":{"line":41,"column":26}},{"start":{"line":42,"column":4},"end":{"line":42,"column":29}},{"start":{"line":43,"column":4},"end":{"line":43,"column":25}},{"start":{"line":44,"column":4},"end":{"line":44,"column":22}}],"line":40},"1":{"loc":{"start":{"line":54,"column":4},"end":{"line":56,"column":5}},"type":"if","locations":[{"start":{"line":54,"column":4},"end":{"line":56,"column":5}},{"start":{},"end":{}}],"line":54},"2":{"loc":{"start":{"line":88,"column":32},"end":{"line":88,"column":95}},"type":"cond-expr","locations":[{"start":{"line":88,"column":55},"end":{"line":88,"column":91}},{"start":{"line":88,"column":94},"end":{"line":88,"column":95}}],"line":88},"3":{"loc":{"start":{"line":93,"column":4},"end":{"line":95,"column":5}},"type":"if","locations":[{"start":{"line":93,"column":4},"end":{"line":95,"column":5}},{"start":{},"end":{}}],"line":93},"4":{"loc":{"start":{"line":136,"column":4},"end":{"line":166,"column":5}},"type":"if","locations":[{"start":{"line":136,"column":4},"end":{"line":166,"column":5}},{"start":{"line":143,"column":11},"end":{"line":166,"column":5}}],"line":136},"5":{"loc":{"start":{"line":150,"column":6},"end":{"line":152,"column":7}},"type":"if","locations":[{"start":{"line":150,"column":6},"end":{"line":152,"column":7}},{"start":{},"end":{}}],"line":150}},"s":{"0":8,"1":8,"2":8,"3":8,"4":8,"5":8,"6":8,"7":5,"8":4,"9":0,"10":1,"11":0,"12":8,"13":5,"14":5,"15":5,"16":5,"17":0,"18":5,"19":5,"20":5,"21":5,"22":5,"23":5,"24":5,"25":5,"26":5,"27":5,"28":5,"29":5,"30":5,"31":5,"32":5,"33":5,"34":5,"35":0,"36":0,"37":8,"38":0,"39":0,"40":0,"41":0,"42":0,"43":0,"44":0,"45":0,"46":0,"47":0,"48":0,"49":0,"50":0,"51":0,"52":0,"53":0,"54":0,"55":0,"56":0,"57":0,"58":0,"59":0,"60":8},"f":{"0":5,"1":5,"2":5,"3":5,"4":5,"5":0,"6":0,"7":0,"8":0},"b":{"0":[4,0,1,0],"1":[0,5],"2":[5,0],"3":[5,0],"4":[0,0],"5":[0,0]},"_coverageSchema":"1a1c01bbd47fc00a2c39e90264f33305004495a9","hash":"5c267a602720be26d837a00001c9f769567c20e5"}
,"C:\\football-app\\backend\\models\\Fine.js": {"path":"C:\\football-app\\backend\\models\\Fine.js","statementMap":{"0":{"start":{"line":1,"column":17},"end":{"line":1,"column":36}},"1":{"start":{"line":2,"column":21},"end":{"line":2,"column":46}},"2":{"start":{"line":3,"column":13},"end":{"line":3,"column":30}},"3":{"start":{"line":5,"column":19},"end":{"line":45,"column":1}},"4":{"start":{"line":48,"column":0},"end":{"line":75,"column":3}},"5":{"start":{"line":49,"column":2},"end":{"line":49,"column":77}},"6":{"start":{"line":50,"column":2},"end":{"line":74,"column":3}},"7":{"start":{"line":51,"column":4},"end":{"line":54,"column":5}},"8":{"start":{"line":52,"column":6},"end":{"line":52,"column":68}},"9":{"start":{"line":53,"column":6},"end":{"line":53,"column":20}},"10":{"start":{"line":56,"column":17},"end":{"line":56,"column":20}},"11":{"start":{"line":59,"column":33},"end":{"line":66,"column":6}},"12":{"start":{"line":68,"column":4},"end":{"line":68,"column":99}},"13":{"start":{"line":70,"column":4},"end":{"line":70,"column":11}},"14":{"start":{"line":72,"column":4},"end":{"line":72,"column":76}},"15":{"start":{"line":73,"column":4},"end":{"line":73,"column":16}},"16":{"start":{"line":76,"column":0},"end":{"line":76,"column":52}}},"fnMap":{"0":{"name":"(anonymous_0)","decl":{"start":{"line":48,"column":36},"end":{"line":48,"column":37}},"loc":{"start":{"line":48,"column":63},"end":{"line":75,"column":1}},"line":48}},"branchMap":{"0":{"loc":{"start":{"line":51,"column":4},"end":{"line":54,"column":5}},"type":"if","locations":[{"start":{"line":51,"column":4},"end":{"line":54,"column":5}},{"start":{},"end":{}}],"line":51}},"s":{"0":8,"1":8,"2":8,"3":8,"4":8,"5":1,"6":1,"7":1,"8":0,"9":0,"10":1,"11":1,"12":1,"13":1,"14":0,"15":0,"16":8},"f":{"0":1},"b":{"0":[0,1]},"_coverageSchema":"1a1c01bbd47fc00a2c39e90264f33305004495a9","hash":"d536deafabc94af583f0422381835b4bd26012ee"}
,"C:\\football-app\\backend\\models\\Injury.js": {"path":"C:\\football-app\\backend\\models\\Injury.js","statementMap":{"0":{"start":{"line":1,"column":17},"end":{"line":1,"column":36}},"1":{"start":{"line":3,"column":21},"end":{"line":53,"column":2}},"2":{"start":{"line":56,"column":0},"end":{"line":61,"column":3}},"3":{"start":{"line":57,"column":2},"end":{"line":59,"column":3}},"4":{"start":{"line":58,"column":4},"end":{"line":58,"column":110}},"5":{"start":{"line":60,"column":2},"end":{"line":60,"column":9}},"6":{"start":{"line":63,"column":0},"end":{"line":63,"column":56}}},"fnMap":{"0":{"name":"(anonymous_0)","decl":{"start":{"line":56,"column":25},"end":{"line":56,"column":26}},"loc":{"start":{"line":56,"column":41},"end":{"line":61,"column":1}},"line":56}},"branchMap":{"0":{"loc":{"start":{"line":57,"column":2},"end":{"line":59,"column":3}},"type":"if","locations":[{"start":{"line":57,"column":2},"end":{"line":59,"column":3}},{"start":{},"end":{}}],"line":57},"1":{"loc":{"start":{"line":57,"column":6},"end":{"line":57,"column":47}},"type":"binary-expr","locations":[{"start":{"line":57,"column":6},"end":{"line":57,"column":21}},{"start":{"line":57,"column":25},"end":{"line":57,"column":47}}],"line":57}},"s":{"0":8,"1":8,"2":8,"3":0,"4":0,"5":0,"6":8},"f":{"0":0},"b":{"0":[0,0],"1":[0,0]},"_coverageSchema":"1a1c01bbd47fc00a2c39e90264f33305004495a9","hash":"0a99786c2ea1322b6e272544f4ea258512faf612"}
,"C:\\football-app\\backend\\models\\Manager.js": {"path":"C:\\football-app\\backend\\models\\Manager.js","statementMap":{"0":{"start":{"line":1,"column":17},"end":{"line":1,"column":36}},"1":{"start":{"line":3,"column":22},"end":{"line":16,"column":2}},"2":{"start":{"line":18,"column":16},"end":{"line":18,"column":56}},"3":{"start":{"line":19,"column":0},"end":{"line":19,"column":25}}},"fnMap":{},"branchMap":{},"s":{"0":8,"1":8,"2":8,"3":8},"f":{},"b":{},"_coverageSchema":"1a1c01bbd47fc00a2c39e90264f33305004495a9","hash":"8556954fdc9d9cfb80f323b71d63433cb1434acd"}
,"C:\\football-app\\backend\\models\\Notification.js": {"path":"C:\\football-app\\backend\\models\\Notification.js","statementMap":{"0":{"start":{"line":1,"column":17},"end":{"line":1,"column":36}},"1":{"start":{"line":3,"column":27},"end":{"line":12,"column":2}},"2":{"start":{"line":14,"column":0},"end":{"line":14,"column":68}}},"fnMap":{},"branchMap":{},"s":{"0":9,"1":9,"2":9},"f":{},"b":{},"_coverageSchema":"1a1c01bbd47fc00a2c39e90264f33305004495a9","hash":"1a51f3330b444442aabf68c348a159e530328f44"}
,"C:\\football-app\\backend\\models\\Player.js": {"path":"C:\\football-app\\backend\\models\\Player.js","statementMap":{"0":{"start":{"line":1,"column":17},"end":{"line":1,"column":36}},"1":{"start":{"line":3,"column":21},"end":{"line":45,"column":24}},"2":{"start":{"line":47,"column":15},"end":{"line":47,"column":53}},"3":{"start":{"line":49,"column":0},"end":{"line":49,"column":24}}},"fnMap":{},"branchMap":{},"s":{"0":8,"1":8,"2":8,"3":8},"f":{},"b":{},"_coverageSchema":"1a1c01bbd47fc00a2c39e90264f33305004495a9","hash":"f49642c36dc4425b38fc588c7061cb59bd13129a"}
,"C:\\football-app\\backend\\models\\PlayerFeedbackSummary.js": {"path":"C:\\football-app\\backend\\models\\PlayerFeedbackSummary.js","statementMap":{"0":{"start":{"line":2,"column":17},"end":{"line":2,"column":36}},"1":{"start":{"line":4,"column":36},"end":{"line":32,"column":2}},"2":{"start":{"line":35,"column":0},"end":{"line":35,"column":85}},"3":{"start":{"line":37,"column":0},"end":{"line":37,"column":86}}},"fnMap":{},"branchMap":{},"s":{"0":9,"1":9,"2":9,"3":9},"f":{},"b":{},"_coverageSchema":"1a1c01bbd47fc00a2c39e90264f33305004495a9","hash":"91ec33263703f6f45ad71649b54a524cbfef5d4a"}
,"C:\\football-app\\backend\\models\\Poll.js": {"path":"C:\\football-app\\backend\\models\\Poll.js","statementMap":{"0":{"start":{"line":1,"column":17},"end":{"line":1,"column":36}},"1":{"start":{"line":2,"column":21},"end":{"line":2,"column":46}},"2":{"start":{"line":4,"column":19},"end":{"line":16,"column":24}},"3":{"start":{"line":20,"column":0},"end":{"line":30,"column":3}},"4":{"start":{"line":21,"column":2},"end":{"line":23,"column":3}},"5":{"start":{"line":22,"column":4},"end":{"line":22,"column":77}},"6":{"start":{"line":25,"column":2},"end":{"line":28,"column":3}},"7":{"start":{"line":26,"column":26},"end":{"line":26,"column":50}},"8":{"start":{"line":27,"column":4},"end":{"line":27,"column":84}},"9":{"start":{"line":29,"column":2},"end":{"line":29,"column":9}},"10":{"start":{"line":33,"column":0},"end":{"line":53,"column":3}},"11":{"start":{"line":34,"column":2},"end":{"line":52,"column":3}},"12":{"start":{"line":36,"column":19},"end":{"line":36,"column":42}},"13":{"start":{"line":37,"column":4},"end":{"line":39,"column":5}},"14":{"start":{"line":38,"column":6},"end":{"line":38,"column":20}},"15":{"start":{"line":42,"column":4},"end":{"line":45,"column":7}},"16":{"start":{"line":46,"column":4},"end":{"line":46,"column":74}},"17":{"start":{"line":48,"column":4},"end":{"line":48,"column":11}},"18":{"start":{"line":50,"column":4},"end":{"line":50,"column":83}},"19":{"start":{"line":51,"column":4},"end":{"line":51,"column":16}},"20":{"start":{"line":55,"column":0},"end":{"line":55,"column":61}},"21":{"start":{"line":56,"column":0},"end":{"line":56,"column":52}}},"fnMap":{"0":{"name":"(anonymous_0)","decl":{"start":{"line":20,"column":23},"end":{"line":20,"column":24}},"loc":{"start":{"line":20,"column":39},"end":{"line":30,"column":1}},"line":20},"1":{"name":"(anonymous_1)","decl":{"start":{"line":33,"column":35},"end":{"line":33,"column":36}},"loc":{"start":{"line":33,"column":57},"end":{"line":53,"column":1}},"line":33}},"branchMap":{"0":{"loc":{"start":{"line":21,"column":2},"end":{"line":23,"column":3}},"type":"if","locations":[{"start":{"line":21,"column":2},"end":{"line":23,"column":3}},{"start":{},"end":{}}],"line":21},"1":{"loc":{"start":{"line":25,"column":2},"end":{"line":28,"column":3}},"type":"if","locations":[{"start":{"line":25,"column":2},"end":{"line":28,"column":3}},{"start":{},"end":{}}],"line":25},"2":{"loc":{"start":{"line":37,"column":4},"end":{"line":39,"column":5}},"type":"if","locations":[{"start":{"line":37,"column":4},"end":{"line":39,"column":5}},{"start":{},"end":{}}],"line":37}},"s":{"0":8,"1":8,"2":8,"3":8,"4":6,"5":0,"6":6,"7":6,"8":6,"9":6,"10":8,"11":0,"12":0,"13":0,"14":0,"15":0,"16":0,"17":0,"18":0,"19":0,"20":8,"21":8},"f":{"0":6,"1":0},"b":{"0":[0,6],"1":[6,0],"2":[0,0]},"_coverageSchema":"1a1c01bbd47fc00a2c39e90264f33305004495a9","hash":"05dd32a003f4037c9d1203db668214b0b1723f14"}
,"C:\\football-app\\backend\\models\\Staff.js": {"path":"C:\\football-app\\backend\\models\\Staff.js","statementMap":{"0":{"start":{"line":1,"column":17},"end":{"line":1,"column":36}},"1":{"start":{"line":3,"column":20},"end":{"line":22,"column":2}},"2":{"start":{"line":24,"column":14},"end":{"line":24,"column":50}},"3":{"start":{"line":25,"column":0},"end":{"line":25,"column":23}}},"fnMap":{},"branchMap":{},"s":{"0":8,"1":8,"2":8,"3":8},"f":{},"b":{},"_coverageSchema":"1a1c01bbd47fc00a2c39e90264f33305004495a9","hash":"e78e755192df408d65ab8cf24bf32498be5db3f4"}
,"C:\\football-app\\backend\\models\\User.js": {"path":"C:\\football-app\\backend\\models\\User.js","statementMap":{"0":{"start":{"line":1,"column":17},"end":{"line":1,"column":36}},"1":{"start":{"line":3,"column":19},"end":{"line":11,"column":24}},"2":{"start":{"line":14,"column":0},"end":{"line":33,"column":3}},"3":{"start":{"line":15,"column":2},"end":{"line":32,"column":3}},"4":{"start":{"line":16,"column":17},"end":{"line":16,"column":59}},"5":{"start":{"line":17,"column":4},"end":{"line":20,"column":5}},"6":{"start":{"line":19,"column":6},"end":{"line":19,"column":71}},"7":{"start":{"line":21,"column":4},"end":{"line":24,"column":5}},"8":{"start":{"line":23,"column":6},"end":{"line":23,"column":73}},"9":{"start":{"line":25,"column":4},"end":{"line":28,"column":5}},"10":{"start":{"line":27,"column":6},"end":{"line":27,"column":69}},"11":{"start":{"line":29,"column":4},"end":{"line":29,"column":11}},"12":{"start":{"line":31,"column":4},"end":{"line":31,"column":16}},"13":{"start":{"line":34,"column":13},"end":{"line":34,"column":47}},"14":{"start":{"line":36,"column":0},"end":{"line":36,"column":22}}},"fnMap":{"0":{"name":"(anonymous_0)","decl":{"start":{"line":14,"column":35},"end":{"line":14,"column":36}},"loc":{"start":{"line":14,"column":57},"end":{"line":33,"column":1}},"line":14}},"branchMap":{"0":{"loc":{"start":{"line":17,"column":4},"end":{"line":20,"column":5}},"type":"if","locations":[{"start":{"line":17,"column":4},"end":{"line":20,"column":5}},{"start":{},"end":{}}],"line":17},"1":{"loc":{"start":{"line":17,"column":8},"end":{"line":17,"column":29}},"type":"binary-expr","locations":[{"start":{"line":17,"column":8},"end":{"line":17,"column":12}},{"start":{"line":17,"column":16},"end":{"line":17,"column":29}}],"line":17},"2":{"loc":{"start":{"line":21,"column":4},"end":{"line":24,"column":5}},"type":"if","locations":[{"start":{"line":21,"column":4},"end":{"line":24,"column":5}},{"start":{},"end":{}}],"line":21},"3":{"loc":{"start":{"line":21,"column":8},"end":{"line":21,"column":30}},"type":"binary-expr","locations":[{"start":{"line":21,"column":8},"end":{"line":21,"column":12}},{"start":{"line":21,"column":16},"end":{"line":21,"column":30}}],"line":21},"4":{"loc":{"start":{"line":25,"column":4},"end":{"line":28,"column":5}},"type":"if","locations":[{"start":{"line":25,"column":4},"end":{"line":28,"column":5}},{"start":{},"end":{}}],"line":25},"5":{"loc":{"start":{"line":25,"column":8},"end":{"line":25,"column":28}},"type":"binary-expr","locations":[{"start":{"line":25,"column":8},"end":{"line":25,"column":12}},{"start":{"line":25,"column":16},"end":{"line":25,"column":28}}],"line":25}},"s":{"0":9,"1":9,"2":9,"3":2,"4":2,"5":2,"6":0,"7":2,"8":0,"9":2,"10":0,"11":2,"12":0,"13":9,"14":9},"f":{"0":2},"b":{"0":[0,2],"1":[2,1],"2":[0,2],"3":[2,1],"4":[0,2],"5":[2,1]},"_coverageSchema":"1a1c01bbd47fc00a2c39e90264f33305004495a9","hash":"3f290cda603857fdf3004131d01f36f4b78aa063"}
,"C:\\football-app\\backend\\routes\\announcements.js": {"path":"C:\\football-app\\backend\\routes\\announcements.js","statementMap":{"0":{"start":{"line":1,"column":16},"end":{"line":1,"column":34}},"1":{"start":{"line":2,"column":15},"end":{"line":2,"column":31}},"2":{"start":{"line":3,"column":21},"end":{"line":3,"column":54}},"3":{"start":{"line":4,"column":13},"end":{"line":4,"column":38}},"4":{"start":{"line":5,"column":35},"end":{"line":5,"column":63}},"5":{"start":{"line":6,"column":23},"end":{"line":6,"column":52}},"6":{"start":{"line":9,"column":25},"end":{"line":27,"column":1}},"7":{"start":{"line":10,"column":2},"end":{"line":26,"column":3}},"8":{"start":{"line":11,"column":4},"end":{"line":11,"column":60}},"9":{"start":{"line":12,"column":17},"end":{"line":12,"column":50}},"10":{"start":{"line":13,"column":4},"end":{"line":16,"column":5}},"11":{"start":{"line":14,"column":6},"end":{"line":14,"column":60}},"12":{"start":{"line":15,"column":6},"end":{"line":15,"column":72}},"13":{"start":{"line":17,"column":4},"end":{"line":20,"column":5}},"14":{"start":{"line":18,"column":6},"end":{"line":18,"column":60}},"15":{"start":{"line":19,"column":6},"end":{"line":19,"column":93}},"16":{"start":{"line":21,"column":4},"end":{"line":21,"column":50}},"17":{"start":{"line":22,"column":4},"end":{"line":22,"column":11}},"18":{"start":{"line":24,"column":4},"end":{"line":24,"column":59}},"19":{"start":{"line":25,"column":4},"end":{"line":25,"column":94}},"20":{"start":{"line":29,"column":0},"end":{"line":42,"column":3}},"21":{"start":{"line":30,"column":2},"end":{"line":41,"column":3}},"22":{"start":{"line":31,"column":4},"end":{"line":31,"column":56}},"23":{"start":{"line":32,"column":26},"end":{"line":35,"column":15}},"24":{"start":{"line":36,"column":4},"end":{"line":36,"column":66}},"25":{"start":{"line":37,"column":4},"end":{"line":37,"column":40}},"26":{"start":{"line":39,"column":4},"end":{"line":39,"column":61}},"27":{"start":{"line":40,"column":4},"end":{"line":40,"column":96}},"28":{"start":{"line":45,"column":0},"end":{"line":80,"column":2}},"29":{"start":{"line":55,"column":19},"end":{"line":55,"column":40}},"30":{"start":{"line":56,"column":4},"end":{"line":59,"column":5}},"31":{"start":{"line":57,"column":6},"end":{"line":57,"column":58}},"32":{"start":{"line":58,"column":6},"end":{"line":58,"column":62}},"33":{"start":{"line":61,"column":41},"end":{"line":61,"column":49}},"34":{"start":{"line":62,"column":4},"end":{"line":62,"column":72}},"35":{"start":{"line":64,"column":4},"end":{"line":78,"column":5}},"36":{"start":{"line":65,"column":27},"end":{"line":70,"column":8}},"37":{"start":{"line":72,"column":32},"end":{"line":72,"column":57}},"38":{"start":{"line":73,"column":6},"end":{"line":73,"column":66}},"39":{"start":{"line":74,"column":6},"end":{"line":74,"column":99}},"40":{"start":{"line":76,"column":6},"end":{"line":76,"column":59}},"41":{"start":{"line":77,"column":6},"end":{"line":77,"column":94}},"42":{"start":{"line":83,"column":0},"end":{"line":124,"column":2}},"43":{"start":{"line":94,"column":19},"end":{"line":94,"column":40}},"44":{"start":{"line":95,"column":4},"end":{"line":98,"column":5}},"45":{"start":{"line":96,"column":6},"end":{"line":96,"column":58}},"46":{"start":{"line":97,"column":6},"end":{"line":97,"column":62}},"47":{"start":{"line":100,"column":19},"end":{"line":100,"column":29}},"48":{"start":{"line":101,"column":51},"end":{"line":101,"column":59}},"49":{"start":{"line":102,"column":4},"end":{"line":102,"column":86}},"50":{"start":{"line":104,"column":4},"end":{"line":122,"column":5}},"51":{"start":{"line":105,"column":27},"end":{"line":105,"column":58}},"52":{"start":{"line":106,"column":6},"end":{"line":109,"column":7}},"53":{"start":{"line":107,"column":8},"end":{"line":107,"column":53}},"54":{"start":{"line":108,"column":8},"end":{"line":108,"column":69}},"55":{"start":{"line":111,"column":6},"end":{"line":111,"column":44}},"56":{"start":{"line":111,"column":17},"end":{"line":111,"column":44}},"57":{"start":{"line":112,"column":6},"end":{"line":112,"column":62}},"58":{"start":{"line":112,"column":23},"end":{"line":112,"column":62}},"59":{"start":{"line":113,"column":6},"end":{"line":113,"column":41}},"60":{"start":{"line":113,"column":16},"end":{"line":113,"column":41}},"61":{"start":{"line":114,"column":6},"end":{"line":114,"column":67}},"62":{"start":{"line":114,"column":34},"end":{"line":114,"column":67}},"63":{"start":{"line":116,"column":34},"end":{"line":116,"column":59}},"64":{"start":{"line":117,"column":6},"end":{"line":117,"column":68}},"65":{"start":{"line":118,"column":6},"end":{"line":118,"column":106}},"66":{"start":{"line":120,"column":6},"end":{"line":120,"column":64}},"67":{"start":{"line":121,"column":6},"end":{"line":121,"column":99}},"68":{"start":{"line":127,"column":0},"end":{"line":145,"column":3}},"69":{"start":{"line":128,"column":2},"end":{"line":144,"column":3}},"70":{"start":{"line":129,"column":19},"end":{"line":129,"column":29}},"71":{"start":{"line":130,"column":4},"end":{"line":130,"column":46}},"72":{"start":{"line":132,"column":25},"end":{"line":132,"column":56}},"73":{"start":{"line":133,"column":4},"end":{"line":136,"column":5}},"74":{"start":{"line":134,"column":6},"end":{"line":134,"column":51}},"75":{"start":{"line":135,"column":6},"end":{"line":135,"column":67}},"76":{"start":{"line":138,"column":4},"end":{"line":138,"column":35}},"77":{"start":{"line":139,"column":4},"end":{"line":139,"column":45}},"78":{"start":{"line":140,"column":4},"end":{"line":140,"column":64}},"79":{"start":{"line":142,"column":4},"end":{"line":142,"column":59}},"80":{"start":{"line":143,"column":4},"end":{"line":143,"column":94}},"81":{"start":{"line":147,"column":0},"end":{"line":147,"column":24}}},"fnMap":{"0":{"name":"(anonymous_0)","decl":{"start":{"line":9,"column":25},"end":{"line":9,"column":26}},"loc":{"start":{"line":9,"column":51},"end":{"line":27,"column":1}},"line":9},"1":{"name":"(anonymous_1)","decl":{"start":{"line":29,"column":32},"end":{"line":29,"column":33}},"loc":{"start":{"line":29,"column":52},"end":{"line":42,"column":1}},"line":29},"2":{"name":"(anonymous_2)","decl":{"start":{"line":54,"column":2},"end":{"line":54,"column":3}},"loc":{"start":{"line":54,"column":22},"end":{"line":79,"column":3}},"line":54},"3":{"name":"(anonymous_3)","decl":{"start":{"line":93,"column":2},"end":{"line":93,"column":3}},"loc":{"start":{"line":93,"column":22},"end":{"line":123,"column":3}},"line":93},"4":{"name":"(anonymous_4)","decl":{"start":{"line":127,"column":58},"end":{"line":127,"column":59}},"loc":{"start":{"line":127,"column":78},"end":{"line":145,"column":1}},"line":127}},"branchMap":{"0":{"loc":{"start":{"line":13,"column":4},"end":{"line":16,"column":5}},"type":"if","locations":[{"start":{"line":13,"column":4},"end":{"line":16,"column":5}},{"start":{},"end":{}}],"line":13},"1":{"loc":{"start":{"line":17,"column":4},"end":{"line":20,"column":5}},"type":"if","locations":[{"start":{"line":17,"column":4},"end":{"line":20,"column":5}},{"start":{},"end":{}}],"line":17},"2":{"loc":{"start":{"line":56,"column":4},"end":{"line":59,"column":5}},"type":"if","locations":[{"start":{"line":56,"column":4},"end":{"line":59,"column":5}},{"start":{},"end":{}}],"line":56},"3":{"loc":{"start":{"line":95,"column":4},"end":{"line":98,"column":5}},"type":"if","locations":[{"start":{"line":95,"column":4},"end":{"line":98,"column":5}},{"start":{},"end":{}}],"line":95},"4":{"loc":{"start":{"line":106,"column":6},"end":{"line":109,"column":7}},"type":"if","locations":[{"start":{"line":106,"column":6},"end":{"line":109,"column":7}},{"start":{},"end":{}}],"line":106},"5":{"loc":{"start":{"line":111,"column":6},"end":{"line":111,"column":44}},"type":"if","locations":[{"start":{"line":111,"column":6},"end":{"line":111,"column":44}},{"start":{},"end":{}}],"line":111},"6":{"loc":{"start":{"line":112,"column":6},"end":{"line":112,"column":62}},"type":"if","locations":[{"start":{"line":112,"column":6},"end":{"line":112,"column":62}},{"start":{},"end":{}}],"line":112},"7":{"loc":{"start":{"line":113,"column":6},"end":{"line":113,"column":41}},"type":"if","locations":[{"start":{"line":113,"column":6},"end":{"line":113,"column":41}},{"start":{},"end":{}}],"line":113},"8":{"loc":{"start":{"line":114,"column":6},"end":{"line":114,"column":67}},"type":"if","locations":[{"start":{"line":114,"column":6},"end":{"line":114,"column":67}},{"start":{},"end":{}}],"line":114},"9":{"loc":{"start":{"line":133,"column":4},"end":{"line":136,"column":5}},"type":"if","locations":[{"start":{"line":133,"column":4},"end":{"line":136,"column":5}},{"start":{},"end":{}}],"line":133}},"s":{"0":8,"1":8,"2":8,"3":8,"4":8,"5":8,"6":8,"7":0,"8":0,"9":0,"10":0,"11":0,"12":0,"13":0,"14":0,"15":0,"16":0,"17":0,"18":0,"19":0,"20":8,"21":0,"22":0,"23":0,"24":0,"25":0,"26":0,"27":0,"28":8,"29":0,"30":0,"31":0,"32":0,"33":0,"34":0,"35":0,"36":0,"37":0,"38":0,"39":0,"40":0,"41":0,"42":8,"43":0,"44":0,"45":0,"46":0,"47":0,"48":0,"49":0,"50":0,"51":0,"52":0,"53":0,"54":0,"55":0,"56":0,"57":0,"58":0,"59":0,"60":0,"61":0,"62":0,"63":0,"64":0,"65":0,"66":0,"67":0,"68":8,"69":0,"70":0,"71":0,"72":0,"73":0,"74":0,"75":0,"76":0,"77":0,"78":0,"79":0,"80":0,"81":8},"f":{"0":0,"1":0,"2":0,"3":0,"4":0},"b":{"0":[0,0],"1":[0,0],"2":[0,0],"3":[0,0],"4":[0,0],"5":[0,0],"6":[0,0],"7":[0,0],"8":[0,0],"9":[0,0]},"_coverageSchema":"1a1c01bbd47fc00a2c39e90264f33305004495a9","hash":"fd2f6ac07df63cf5e3280d4710e415aaed3afb22"}
,"C:\\football-app\\backend\\routes\\events.js": {"path":"C:\\football-app\\backend\\routes\\events.js","statementMap":{"0":{"start":{"line":1,"column":16},"end":{"line":1,"column":34}},"1":{"start":{"line":2,"column":15},"end":{"line":2,"column":31}},"2":{"start":{"line":3,"column":14},"end":{"line":3,"column":40}},"3":{"start":{"line":4,"column":13},"end":{"line":4,"column":42}},"4":{"start":{"line":7,"column":25},"end":{"line":12,"column":1}},"5":{"start":{"line":8,"column":2},"end":{"line":10,"column":3}},"6":{"start":{"line":9,"column":4},"end":{"line":9,"column":93}},"7":{"start":{"line":11,"column":2},"end":{"line":11,"column":9}},"8":{"start":{"line":14,"column":26},"end":{"line":35,"column":1}},"9":{"start":{"line":15,"column":2},"end":{"line":34,"column":3}},"10":{"start":{"line":16,"column":18},"end":{"line":16,"column":81}},"11":{"start":{"line":17,"column":4},"end":{"line":19,"column":5}},"12":{"start":{"line":18,"column":6},"end":{"line":18,"column":79}},"13":{"start":{"line":21,"column":19},"end":{"line":21,"column":42}},"14":{"start":{"line":22,"column":22},"end":{"line":22,"column":63}},"15":{"start":{"line":23,"column":20},"end":{"line":23,"column":78}},"16":{"start":{"line":23,"column":48},"end":{"line":23,"column":77}},"17":{"start":{"line":25,"column":4},"end":{"line":27,"column":5}},"18":{"start":{"line":26,"column":6},"end":{"line":26,"column":107}},"19":{"start":{"line":29,"column":4},"end":{"line":29,"column":22}},"20":{"start":{"line":30,"column":4},"end":{"line":30,"column":11}},"21":{"start":{"line":32,"column":4},"end":{"line":32,"column":64}},"22":{"start":{"line":33,"column":4},"end":{"line":33,"column":77}},"23":{"start":{"line":38,"column":0},"end":{"line":60,"column":3}},"24":{"start":{"line":39,"column":2},"end":{"line":59,"column":3}},"25":{"start":{"line":40,"column":74},"end":{"line":40,"column":82}},"26":{"start":{"line":43,"column":18},"end":{"line":52,"column":6}},"27":{"start":{"line":54,"column":4},"end":{"line":54,"column":23}},"28":{"start":{"line":55,"column":4},"end":{"line":55,"column":32}},"29":{"start":{"line":57,"column":4},"end":{"line":57,"column":61}},"30":{"start":{"line":58,"column":4},"end":{"line":58,"column":91}},"31":{"start":{"line":63,"column":0},"end":{"line":110,"column":3}},"32":{"start":{"line":64,"column":2},"end":{"line":109,"column":3}},"33":{"start":{"line":66,"column":19},"end":{"line":66,"column":31}},"34":{"start":{"line":67,"column":16},"end":{"line":67,"column":26}},"35":{"start":{"line":70,"column":4},"end":{"line":76,"column":6}},"36":{"start":{"line":79,"column":4},"end":{"line":103,"column":5}},"37":{"start":{"line":81,"column":6},"end":{"line":84,"column":45}},"38":{"start":{"line":85,"column":11},"end":{"line":103,"column":5}},"39":{"start":{"line":87,"column":6},"end":{"line":92,"column":45}},"40":{"start":{"line":93,"column":11},"end":{"line":103,"column":5}},"41":{"start":{"line":95,"column":6},"end":{"line":100,"column":45}},"42":{"start":{"line":102,"column":6},"end":{"line":102,"column":67}},"43":{"start":{"line":105,"column":4},"end":{"line":105,"column":33}},"44":{"start":{"line":107,"column":4},"end":{"line":107,"column":63}},"45":{"start":{"line":108,"column":4},"end":{"line":108,"column":76}},"46":{"start":{"line":113,"column":0},"end":{"line":136,"column":3}},"47":{"start":{"line":114,"column":2},"end":{"line":135,"column":3}},"48":{"start":{"line":115,"column":16},"end":{"line":115,"column":26}},"49":{"start":{"line":116,"column":18},"end":{"line":119,"column":38}},"50":{"start":{"line":121,"column":4},"end":{"line":123,"column":5}},"51":{"start":{"line":122,"column":6},"end":{"line":122,"column":79}},"52":{"start":{"line":126,"column":4},"end":{"line":129,"column":5}},"53":{"start":{"line":127,"column":6},"end":{"line":127,"column":32}},"54":{"start":{"line":128,"column":6},"end":{"line":128,"column":25}},"55":{"start":{"line":131,"column":4},"end":{"line":131,"column":32}},"56":{"start":{"line":133,"column":4},"end":{"line":133,"column":74}},"57":{"start":{"line":134,"column":4},"end":{"line":134,"column":87}},"58":{"start":{"line":138,"column":0},"end":{"line":167,"column":3}},"59":{"start":{"line":139,"column":2},"end":{"line":166,"column":3}},"60":{"start":{"line":140,"column":82},"end":{"line":140,"column":90}},"61":{"start":{"line":143,"column":25},"end":{"line":156,"column":41}},"62":{"start":{"line":158,"column":4},"end":{"line":160,"column":5}},"63":{"start":{"line":159,"column":6},"end":{"line":159,"column":79}},"64":{"start":{"line":162,"column":4},"end":{"line":162,"column":39}},"65":{"start":{"line":164,"column":4},"end":{"line":164,"column":62}},"66":{"start":{"line":165,"column":4},"end":{"line":165,"column":92}},"67":{"start":{"line":170,"column":0},"end":{"line":183,"column":3}},"68":{"start":{"line":171,"column":2},"end":{"line":182,"column":3}},"69":{"start":{"line":172,"column":25},"end":{"line":172,"column":69}},"70":{"start":{"line":174,"column":4},"end":{"line":176,"column":5}},"71":{"start":{"line":175,"column":6},"end":{"line":175,"column":79}},"72":{"start":{"line":178,"column":4},"end":{"line":178,"column":77}},"73":{"start":{"line":180,"column":4},"end":{"line":180,"column":63}},"74":{"start":{"line":181,"column":4},"end":{"line":181,"column":93}},"75":{"start":{"line":185,"column":0},"end":{"line":185,"column":24}}},"fnMap":{"0":{"name":"(anonymous_0)","decl":{"start":{"line":7,"column":25},"end":{"line":7,"column":26}},"loc":{"start":{"line":7,"column":45},"end":{"line":12,"column":1}},"line":7},"1":{"name":"(anonymous_1)","decl":{"start":{"line":14,"column":26},"end":{"line":14,"column":27}},"loc":{"start":{"line":14,"column":52},"end":{"line":35,"column":1}},"line":14},"2":{"name":"(anonymous_2)","decl":{"start":{"line":23,"column":37},"end":{"line":23,"column":38}},"loc":{"start":{"line":23,"column":48},"end":{"line":23,"column":77}},"line":23},"3":{"name":"(anonymous_3)","decl":{"start":{"line":38,"column":41},"end":{"line":38,"column":42}},"loc":{"start":{"line":38,"column":61},"end":{"line":60,"column":1}},"line":38},"4":{"name":"(anonymous_4)","decl":{"start":{"line":63,"column":22},"end":{"line":63,"column":23}},"loc":{"start":{"line":63,"column":42},"end":{"line":110,"column":1}},"line":63},"5":{"name":"(anonymous_5)","decl":{"start":{"line":113,"column":25},"end":{"line":113,"column":26}},"loc":{"start":{"line":113,"column":45},"end":{"line":136,"column":1}},"line":113},"6":{"name":"(anonymous_6)","decl":{"start":{"line":138,"column":62},"end":{"line":138,"column":63}},"loc":{"start":{"line":138,"column":82},"end":{"line":167,"column":1}},"line":138},"7":{"name":"(anonymous_7)","decl":{"start":{"line":170,"column":65},"end":{"line":170,"column":66}},"loc":{"start":{"line":170,"column":85},"end":{"line":183,"column":1}},"line":170}},"branchMap":{"0":{"loc":{"start":{"line":8,"column":2},"end":{"line":10,"column":3}},"type":"if","locations":[{"start":{"line":8,"column":2},"end":{"line":10,"column":3}},{"start":{},"end":{}}],"line":8},"1":{"loc":{"start":{"line":8,"column":6},"end":{"line":8,"column":62}},"type":"binary-expr","locations":[{"start":{"line":8,"column":6},"end":{"line":8,"column":33}},{"start":{"line":8,"column":37},"end":{"line":8,"column":62}}],"line":8},"2":{"loc":{"start":{"line":17,"column":4},"end":{"line":19,"column":5}},"type":"if","locations":[{"start":{"line":17,"column":4},"end":{"line":19,"column":5}},{"start":{},"end":{}}],"line":17},"3":{"loc":{"start":{"line":25,"column":4},"end":{"line":27,"column":5}},"type":"if","locations":[{"start":{"line":25,"column":4},"end":{"line":27,"column":5}},{"start":{},"end":{}}],"line":25},"4":{"loc":{"start":{"line":25,"column":8},"end":{"line":25,"column":30}},"type":"binary-expr","locations":[{"start":{"line":25,"column":8},"end":{"line":25,"column":18}},{"start":{"line":25,"column":22},"end":{"line":25,"column":30}}],"line":25},"5":{"loc":{"start":{"line":58,"column":36},"end":{"line":58,"column":87}},"type":"binary-expr","locations":[{"start":{"line":58,"column":36},"end":{"line":58,"column":49}},{"start":{"line":58,"column":53},"end":{"line":58,"column":87}}],"line":58},"6":{"loc":{"start":{"line":79,"column":4},"end":{"line":103,"column":5}},"type":"if","locations":[{"start":{"line":79,"column":4},"end":{"line":103,"column":5}},{"start":{"line":85,"column":11},"end":{"line":103,"column":5}}],"line":79},"7":{"loc":{"start":{"line":85,"column":11},"end":{"line":103,"column":5}},"type":"if","locations":[{"start":{"line":85,"column":11},"end":{"line":103,"column":5}},{"start":{"line":93,"column":11},"end":{"line":103,"column":5}}],"line":85},"8":{"loc":{"start":{"line":93,"column":11},"end":{"line":103,"column":5}},"type":"if","locations":[{"start":{"line":93,"column":11},"end":{"line":103,"column":5}},{"start":{"line":101,"column":11},"end":{"line":103,"column":5}}],"line":93},"9":{"loc":{"start":{"line":121,"column":4},"end":{"line":123,"column":5}},"type":"if","locations":[{"start":{"line":121,"column":4},"end":{"line":123,"column":5}},{"start":{},"end":{}}],"line":121},"10":{"loc":{"start":{"line":126,"column":4},"end":{"line":129,"column":5}},"type":"if","locations":[{"start":{"line":126,"column":4},"end":{"line":129,"column":5}},{"start":{},"end":{}}],"line":126},"11":{"loc":{"start":{"line":126,"column":8},"end":{"line":126,"column":72}},"type":"binary-expr","locations":[{"start":{"line":126,"column":8},"end":{"line":126,"column":36}},{"start":{"line":126,"column":40},"end":{"line":126,"column":72}}],"line":126},"12":{"loc":{"start":{"line":158,"column":4},"end":{"line":160,"column":5}},"type":"if","locations":[{"start":{"line":158,"column":4},"end":{"line":160,"column":5}},{"start":{},"end":{}}],"line":158},"13":{"loc":{"start":{"line":165,"column":36},"end":{"line":165,"column":88}},"type":"binary-expr","locations":[{"start":{"line":165,"column":36},"end":{"line":165,"column":49}},{"start":{"line":165,"column":53},"end":{"line":165,"column":88}}],"line":165},"14":{"loc":{"start":{"line":174,"column":4},"end":{"line":176,"column":5}},"type":"if","locations":[{"start":{"line":174,"column":4},"end":{"line":176,"column":5}},{"start":{},"end":{}}],"line":174},"15":{"loc":{"start":{"line":181,"column":36},"end":{"line":181,"column":89}},"type":"binary-expr","locations":[{"start":{"line":181,"column":36},"end":{"line":181,"column":49}},{"start":{"line":181,"column":53},"end":{"line":181,"column":89}}],"line":181}},"s":{"0":8,"1":8,"2":8,"3":8,"4":8,"5":10,"6":3,"7":7,"8":8,"9":5,"10":5,"11":5,"12":1,"13":4,"14":4,"15":4,"16":0,"17":4,"18":1,"19":3,"20":3,"21":0,"22":0,"23":8,"24":2,"25":2,"26":2,"27":2,"28":2,"29":0,"30":0,"31":8,"32":0,"33":0,"34":0,"35":0,"36":0,"37":0,"38":0,"39":0,"40":0,"41":0,"42":0,"43":0,"44":0,"45":0,"46":8,"47":0,"48":0,"49":0,"50":0,"51":0,"52":0,"53":0,"54":0,"55":0,"56":0,"57":0,"58":8,"59":0,"60":0,"61":0,"62":0,"63":0,"64":0,"65":0,"66":0,"67":8,"68":3,"69":3,"70":3,"71":0,"72":3,"73":0,"74":0,"75":8},"f":{"0":10,"1":5,"2":0,"3":2,"4":0,"5":0,"6":0,"7":3},"b":{"0":[3,7],"1":[10,6],"2":[1,4],"3":[1,3],"4":[4,1],"5":[0,0],"6":[0,0],"7":[0,0],"8":[0,0],"9":[0,0],"10":[0,0],"11":[0,0],"12":[0,0],"13":[0,0],"14":[0,3],"15":[0,0]},"_coverageSchema":"1a1c01bbd47fc00a2c39e90264f33305004495a9","hash":"adcd508bd0c0d7d7f7bcd15d2c507a89d29e7c79"}
,"C:\\football-app\\backend\\routes\\feedbacks.js": {"path":"C:\\football-app\\backend\\routes\\feedbacks.js","statementMap":{"0":{"start":{"line":1,"column":16},"end":{"line":1,"column":34}},"1":{"start":{"line":2,"column":15},"end":{"line":2,"column":31}},"2":{"start":{"line":3,"column":17},"end":{"line":3,"column":46}},"3":{"start":{"line":4,"column":14},"end":{"line":4,"column":40}},"4":{"start":{"line":5,"column":30},"end":{"line":5,"column":72}},"5":{"start":{"line":6,"column":23},"end":{"line":6,"column":52}},"6":{"start":{"line":7,"column":36},"end":{"line":7,"column":74}},"7":{"start":{"line":8,"column":21},"end":{"line":8,"column":54}},"8":{"start":{"line":9,"column":13},"end":{"line":9,"column":38}},"9":{"start":{"line":11,"column":16},"end":{"line":16,"column":1}},"10":{"start":{"line":12,"column":2},"end":{"line":14,"column":3}},"11":{"start":{"line":13,"column":4},"end":{"line":13,"column":85}},"12":{"start":{"line":15,"column":2},"end":{"line":15,"column":9}},"13":{"start":{"line":19,"column":0},"end":{"line":58,"column":3}},"14":{"start":{"line":20,"column":62},"end":{"line":20,"column":70}},"15":{"start":{"line":21,"column":20},"end":{"line":21,"column":32}},"16":{"start":{"line":22,"column":2},"end":{"line":22,"column":24}},"17":{"start":{"line":23,"column":2},"end":{"line":57,"column":3}},"18":{"start":{"line":24,"column":18},"end":{"line":24,"column":47}},"19":{"start":{"line":25,"column":4},"end":{"line":27,"column":5}},"20":{"start":{"line":26,"column":6},"end":{"line":26,"column":70}},"21":{"start":{"line":28,"column":4},"end":{"line":28,"column":32}},"22":{"start":{"line":29,"column":4},"end":{"line":31,"column":5}},"23":{"start":{"line":30,"column":6},"end":{"line":30,"column":99}},"24":{"start":{"line":33,"column":4},"end":{"line":35,"column":5}},"25":{"start":{"line":34,"column":6},"end":{"line":34,"column":94}},"26":{"start":{"line":37,"column":29},"end":{"line":37,"column":76}},"27":{"start":{"line":38,"column":4},"end":{"line":40,"column":5}},"28":{"start":{"line":39,"column":6},"end":{"line":39,"column":111}},"29":{"start":{"line":42,"column":21},"end":{"line":48,"column":6}},"30":{"start":{"line":50,"column":4},"end":{"line":50,"column":26}},"31":{"start":{"line":51,"column":4},"end":{"line":51,"column":78}},"32":{"start":{"line":53,"column":4},"end":{"line":55,"column":5}},"33":{"start":{"line":54,"column":6},"end":{"line":54,"column":111}},"34":{"start":{"line":56,"column":4},"end":{"line":56,"column":97}},"35":{"start":{"line":62,"column":0},"end":{"line":118,"column":3}},"36":{"start":{"line":63,"column":22},"end":{"line":63,"column":32}},"37":{"start":{"line":64,"column":17},"end":{"line":64,"column":29}},"38":{"start":{"line":65,"column":19},"end":{"line":65,"column":32}},"39":{"start":{"line":67,"column":2},"end":{"line":67,"column":36}},"40":{"start":{"line":68,"column":2},"end":{"line":68,"column":34}},"41":{"start":{"line":69,"column":2},"end":{"line":69,"column":38}},"42":{"start":{"line":71,"column":2},"end":{"line":117,"column":3}},"43":{"start":{"line":73,"column":18},"end":{"line":73,"column":47}},"44":{"start":{"line":74,"column":4},"end":{"line":76,"column":5}},"45":{"start":{"line":75,"column":6},"end":{"line":75,"column":70}},"46":{"start":{"line":81,"column":4},"end":{"line":111,"column":5}},"47":{"start":{"line":83,"column":6},"end":{"line":85,"column":7}},"48":{"start":{"line":84,"column":8},"end":{"lin
[...]
d":{"line":261,"column":25}},{"start":{"line":261,"column":29},"end":{"line":261,"column":42}}],"line":261},"33":{"loc":{"start":{"line":263,"column":6},"end":{"line":287,"column":7}},"type":"if","locations":[{"start":{"line":263,"column":6},"end":{"line":287,"column":7}},{"start":{},"end":{}}],"line":263},"34":{"loc":{"start":{"line":264,"column":36},"end":{"line":264,"column":113}},"type":"cond-expr","locations":[{"start":{"line":264,"column":72},"end":{"line":264,"column":97}},{"start":{"line":264,"column":100},"end":{"line":264,"column":113}}],"line":264},"35":{"loc":{"start":{"line":266,"column":27},"end":{"line":266,"column":76}},"type":"binary-expr","locations":[{"start":{"line":266,"column":27},"end":{"line":266,"column":56}},{"start":{"line":266,"column":60},"end":{"line":266,"column":76}}],"line":266},"36":{"loc":{"start":{"line":267,"column":26},"end":{"line":267,"column":73}},"type":"binary-expr","locations":[{"start":{"line":267,"column":26},"end":{"line":267,"column":54}},{"start":{"line":267,"column":58},"end":{"line":267,"column":73}}],"line":267},"37":{"loc":{"start":{"line":268,"column":29},"end":{"line":268,"column":82}},"type":"binary-expr","locations":[{"start":{"line":268,"column":29},"end":{"line":268,"column":60}},{"start":{"line":268,"column":64},"end":{"line":268,"column":82}}],"line":268},"38":{"loc":{"start":{"line":269,"column":29},"end":{"line":269,"column":82}},"type":"binary-expr","locations":[{"start":{"line":269,"column":29},"end":{"line":269,"column":60}},{"start":{"line":269,"column":64},"end":{"line":269,"column":82}}],"line":269},"39":{"loc":{"start":{"line":270,"column":24},"end":{"line":270,"column":103}},"type":"cond-expr","locations":[{"start":{"line":270,"column":53},"end":{"line":270,"column":87}},{"start":{"line":270,"column":90},"end":{"line":270,"column":103}}],"line":270},"40":{"loc":{"start":{"line":271,"column":24},"end":{"line":271,"column":103}},"type":"cond-expr","locations":[{"start":{"line":271,"column":53},"end":{"line":271,"column":87}},{"start":{"line":271,"column":90},"end":{"line":271,"column":103}}],"line":271},"41":{"loc":{"start":{"line":272,"column":25},"end":{"line":272,"column":70}},"type":"binary-expr","locations":[{"start":{"line":272,"column":25},"end":{"line":272,"column":52}},{"start":{"line":272,"column":56},"end":{"line":272,"column":70}}],"line":272},"42":{"loc":{"start":{"line":273,"column":26},"end":{"line":273,"column":73}},"type":"binary-expr","locations":[{"start":{"line":273,"column":26},"end":{"line":273,"column":54}},{"start":{"line":273,"column":58},"end":{"line":273,"column":73}}],"line":273},"43":{"loc":{"start":{"line":274,"column":29},"end":{"line":274,"column":137}},"type":"cond-expr","locations":[{"start":{"line":274,"column":77},"end":{"line":274,"column":116}},{"start":{"line":274,"column":119},"end":{"line":274,"column":137}}],"line":274},"44":{"loc":{"start":{"line":275,"column":29},"end":{"line":275,"column":82}},"type":"binary-expr","locations":[{"start":{"line":275,"column":29},"end":{"line":275,"column":60}},{"start":{"line":275,"column":64},"end":{"line":275,"column":82}}],"line":275},"45":{"loc":{"start":{"line":276,"column":31},"end":{"line":276,"column":88}},"type":"binary-expr","locations":[{"start":{"line":276,"column":31},"end":{"line":276,"column":64}},{"start":{"line":276,"column":68},"end":{"line":276,"column":88}}],"line":276},"46":{"loc":{"start":{"line":277,"column":24},"end":{"line":277,"column":67}},"type":"binary-expr","locations":[{"start":{"line":277,"column":24},"end":{"line":277,"column":50}},{"start":{"line":277,"column":54},"end":{"line":277,"column":67}}],"line":277},"47":{"loc":{"start":{"line":279,"column":8},"end":{"line":284,"column":9}},"type":"if","locations":[{"start":{"line":279,"column":8},"end":{"line":284,"column":9}},{"start":{"line":282,"column":15},"end":{"line":284,"column":9}}],"line":279},"48":{"loc":{"start":{"line":282,"column":15},"end":{"line":284,"column":9}},"type":"if","locations":[{"start":{"line":282,"column":15},"end":{"line":284,"column":9}},{"start":{},"end":{}}],"line":282},"49":{"loc":{"start":{"line":282,"column":19},"end":{"line":282,"column":93}},"type":"binary-expr","locations":[{"start":{"line":282,"column":19},"end":{"line":282,"column":44}},{"start":{"line":282,"column":48},"end":{"line":282,"column":93}}],"line":282},"50":{"loc":{"start":{"line":288,"column":11},"end":{"line":330,"column":5}},"type":"if","locations":[{"start":{"line":288,"column":11},"end":{"line":330,"column":5}},{"start":{"line":308,"column":11},"end":{"line":330,"column":5}}],"line":288},"51":{"loc":{"start":{"line":288,"column":15},"end":{"line":288,"column":51}},"type":"binary-expr","locations":[{"start":{"line":288,"column":15},"end":{"line":288,"column":33}},{"start":{"line":288,"column":37},"end":{"line":288,"column":51}}],"line":288},"52":{"loc":{"start":{"line":290,"column":6},"end":{"line":307,"column":7}},"type":"if","locations":[{"start":{"line":290,"column":6},"end":{"line":307,"column":7}},{"start":{},"end":{}}],"line":290},"53":{"loc":{"start":{"line":291,"column":37},"end":{"line":291,"column":117}},"type":"cond-expr","locations":[{"start":{"line":291,"column":74},"end":{"line":291,"column":100}},{"start":{"line":291,"column":103},"end":{"line":291,"column":117}}],"line":291},"54":{"loc":{"start":{"line":293,"column":28},"end":{"line":293,"column":79}},"type":"binary-expr","locations":[{"start":{"line":293,"column":28},"end":{"line":293,"column":58}},{"start":{"line":293,"column":62},"end":{"line":293,"column":79}}],"line":293},"55":{"loc":{"start":{"line":294,"column":27},"end":{"line":294,"column":76}},"type":"binary-expr","locations":[{"start":{"line":294,"column":27},"end":{"line":294,"column":56}},{"start":{"line":294,"column":60},"end":{"line":294,"column":76}}],"line":294},"56":{"loc":{"start":{"line":295,"column":30},"end":{"line":295,"column":85}},"type":"binary-expr","locations":[{"start":{"line":295,"column":30},"end":{"line":295,"column":62}},{"start":{"line":295,"column":66},"end":{"line":295,"column":85}}],"line":295},"57":{"loc":{"start":{"line":296,"column":30},"end":{"line":296,"column":85}},"type":"binary-expr","locations":[{"start":{"line":296,"column":30},"end":{"line":296,"column":62}},{"start":{"line":296,"column":66},"end":{"line":296,"column":85}}],"line":296},"58":{"loc":{"start":{"line":297,"column":26},"end":{"line":297,"column":73}},"type":"binary-expr","locations":[{"start":{"line":297,"column":26},"end":{"line":297,"column":54}},{"start":{"line":297,"column":58},"end":{"line":297,"column":73}}],"line":297},"59":{"loc":{"start":{"line":299,"column":8},"end":{"line":304,"column":9}},"type":"if","locations":[{"start":{"line":299,"column":8},"end":{"line":304,"column":9}},{"start":{"line":302,"column":15},"end":{"line":304,"column":9}}],"line":299},"60":{"loc":{"start":{"line":302,"column":15},"end":{"line":304,"column":9}},"type":"if","locations":[{"start":{"line":302,"column":15},"end":{"line":304,"column":9}},{"start":{},"end":{}}],"line":302},"61":{"loc":{"start":{"line":302,"column":19},"end":{"line":302,"column":95}},"type":"binary-expr","locations":[{"start":{"line":302,"column":19},"end":{"line":302,"column":45}},{"start":{"line":302,"column":49},"end":{"line":302,"column":95}}],"line":302},"62":{"loc":{"start":{"line":308,"column":11},"end":{"line":330,"column":5}},"type":"if","locations":[{"start":{"line":308,"column":11},"end":{"line":330,"column":5}},{"start":{},"end":{}}],"line":308},"63":{"loc":{"start":{"line":308,"column":15},"end":{"line":308,"column":47}},"type":"binary-expr","locations":[{"start":{"line":308,"column":15},"end":{"line":308,"column":31}},{"start":{"line":308,"column":35},"end":{"line":308,"column":47}}],"line":308},"64":{"loc":{"start":{"line":310,"column":6},"end":{"line":329,"column":7}},"type":"if","locations":[{"start":{"line":310,"column":6},"end":{"line":329,"column":7}},{"start":{},"end":{}}],"line":310},"65":{"loc":{"start":{"line":311,"column":35},"end":{"line":311,"column":109}},"type":"cond-expr","locations":[{"start":{"line":311,"column":70},"end":{"line":311,"column":94}},{"start":{"line":311,"column":97},"end":{"line":311,"column":109}}],"line":311},"66":{"loc":{"start":{"line":313,"column":26},"end":{"line":313,"column":73}},"type":"binary-expr","locations":[{"start":{"line":313,"column":26},"end":{"line":313,"column":54}},{"start":{"line":313,"column":58},"end":{"line":313,"column":73}}],"line":313},"67":{"loc":{"start":{"line":314,"column":25},"end":{"line":314,"column":70}},"type":"binary-expr","locations":[{"start":{"line":314,"column":25},"end":{"line":314,"column":52}},{"start":{"line":314,"column":56},"end":{"line":314,"column":70}}],"line":314},"68":{"loc":{"start":{"line":315,"column":28},"end":{"line":315,"column":79}},"type":"binary-expr","locations":[{"start":{"line":315,"column":28},"end":{"line":315,"column":58}},{"start":{"line":315,"column":62},"end":{"line":315,"column":79}}],"line":315},"69":{"loc":{"start":{"line":316,"column":28},"end":{"line":316,"column":79}},"type":"binary-expr","locations":[{"start":{"line":316,"column":28},"end":{"line":316,"column":58}},{"start":{"line":316,"column":62},"end":{"line":316,"column":79}}],"line":316},"70":{"loc":{"start":{"line":317,"column":21},"end":{"line":317,"column":58}},"type":"binary-expr","locations":[{"start":{"line":317,"column":21},"end":{"line":317,"column":44}},{"start":{"line":317,"column":48},"end":{"line":317,"column":58}}],"line":317},"71":{"loc":{"start":{"line":318,"column":24},"end":{"line":318,"column":67}},"type":"binary-expr","locations":[{"start":{"line":318,"column":24},"end":{"line":318,"column":50}},{"start":{"line":318,"column":54},"end":{"line":318,"column":67}}],"line":318},"72":{"loc":{"start":{"line":319,"column":31},"end":{"line":319,"column":88}},"type":"binary-expr","locations":[{"start":{"line":319,"column":31},"end":{"line":319,"column":64}},{"start":{"line":319,"column":68},"end":{"line":319,"column":88}}],"line":319},"73":{"loc":{"start":{"line":321,"column":8},"end":{"line":326,"column":9}},"type":"if","locations":[{"start":{"line":321,"column":8},"end":{"line":326,"column":9}},{"start":{"line":324,"column":15},"end":{"line":326,"column":9}}],"line":321},"74":{"loc":{"start":{"line":324,"column":15},"end":{"line":326,"column":9}},"type":"if","locations":[{"start":{"line":324,"column":15},"end":{"line":326,"column":9}},{"start":{},"end":{}}],"line":324},"75":{"loc":{"start":{"line":324,"column":19},"end":{"line":324,"column":91}},"type":"binary-expr","locations":[{"start":{"line":324,"column":19},"end":{"line":324,"column":43}},{"start":{"line":324,"column":47},"end":{"line":324,"column":91}}],"line":324},"76":{"loc":{"start":{"line":346,"column":4},"end":{"line":348,"column":5}},"type":"if","locations":[{"start":{"line":346,"column":4},"end":{"line":348,"column":5}},{"start":{},"end":{}}],"line":346},"77":{"loc":{"start":{"line":351,"column":4},"end":{"line":357,"column":5}},"type":"if","locations":[{"start":{"line":351,"column":4},"end":{"line":357,"column":5}},{"start":{"line":354,"column":11},"end":{"line":357,"column":5}}],"line":351},"78":{"loc":{"start":{"line":359,"column":4},"end":{"line":361,"column":5}},"type":"if","locations":[{"start":{"line":359,"column":4},"end":{"line":361,"column":5}},{"start":{},"end":{}}],"line":359},"79":{"loc":{"start":{"line":372,"column":2},"end":{"line":374,"column":3}},"type":"if","locations":[{"start":{"line":372,"column":2},"end":{"line":374,"column":3}},{"start":{},"end":{}}],"line":372},"80":{"loc":{"start":{"line":380,"column":4},"end":{"line":382,"column":5}},"type":"if","locations":[{"start":{"line":380,"column":4},"end":{"line":382,"column":5}},{"start":{},"end":{}}],"line":380},"81":{"loc":{"start":{"line":385,"column":17},"end":{"line":385,"column":37}},"type":"binary-expr","locations":[{"start":{"line":385,"column":17},"end":{"line":385,"column":26}},{"start":{"line":385,"column":30},"end":{"line":385,"column":37}}],"line":385},"82":{"loc":{"start":{"line":395,"column":6},"end":{"line":399,"column":7}},"type":"if","locations":[{"start":{"line":395,"column":6},"end":{"line":399,"column":7}},{"start":{},"end":{}}],"line":395},"83":{"loc":{"start":{"line":404,"column":20},"end":{"line":404,"column":120}},"type":"cond-expr","locations":[{"start":{"line":404,"column":35},"end":{"line":404,"column":70}},{"start":{"line":404,"column":73},"end":{"line":404,"column":120}}],"line":404},"84":{"loc":{"start":{"line":426,"column":4},"end":{"line":428,"column":5}},"type":"if","locations":[{"start":{"line":426,"column":4},"end":{"line":428,"column":5}},{"start":{},"end":{}}],"line":426},"85":{"loc":{"start":{"line":436,"column":6},"end":{"line":438,"column":7}},"type":"if","locations":[{"start":{"line":436,"column":6},"end":{"line":438,"column":7}},{"start":{},"end":{}}],"line":436},"86":{"loc":{"start":{"line":441,"column":6},"end":{"line":441,"column":63}},"type":"if","locations":[{"start":{"line":441,"column":6},"end":{"line":441,"column":63}},{"start":{},"end":{}}],"line":441},"87":{"loc":{"start":{"line":442,"column":6},"end":{"line":442,"column":63}},"type":"if","locations":[{"start":{"line":442,"column":6},"end":{"line":442,"column":63}},{"start":{},"end":{}}],"line":442}},"s":{"0":8,"1":8,"2":8,"3":8,"4":8,"5":8,"6":8,"7":8,"8":8,"9":8,"10":8,"11":8,"12":8,"13":11,"14":2,"15":9,"16":8,"17":0,"18":0,"19":0,"20":8,"21":8,"22":8,"23":1,"24":1,"25":0,"26":0,"27":0,"28":8,"29":0,"30":0,"31":0,"32":0,"33":0,"34":0,"35":0,"36":0,"37":0,"38":0,"39":0,"40":0,"41":8,"42":8,"43":2,"44":2,"45":2,"46":0,"47":0,"48":8,"49":6,"50":6,"51":1,"52":5,"53":5,"54":5,"55":1,"56":4,"57":4,"58":4,"59":4,"60":2,"61":1,"62":1,"63":1,"64":1,"65":0,"66":1,"67":1,"68":1,"69":2,"70":1,"71":0,"72":1,"73":1,"74":1,"75":0,"76":1,"77":1,"78":1,"79":1,"80":1,"81":0,"82":1,"83":1,"84":1,"85":0,"86":1,"87":1,"88":1,"89":3,"90":3,"91":0,"92":0,"93":8,"94":0,"95":0,"96":0,"97":0,"98":0,"99":0,"100":0,"101":0,"102":0,"103":0,"104":0,"105":0,"106":0,"107":0,"108":0,"109":0,"110":0,"111":0,"112":0,"113":0,"114":0,"115":0,"116":0,"117":0,"118":0,"119":0,"120":0,"121":0,"122":0,"123":0,"124":0,"125":0,"126":0,"127":0,"128":0,"129":0,"130":0,"131":0,"132":0,"133":0,"134":0,"135":0,"136":0,"137":0,"138":0,"139":0,"140":0,"141":0,"142":0,"143":0,"144":0,"145":0,"146":0,"147":0,"148":0,"149":0,"150":0,"151":0,"152":0,"153":0,"154":0,"155":0,"156":0,"157":0,"158":0,"159":0,"160":0,"161":0,"162":0,"163":0,"164":0,"165":0,"166":0,"167":0,"168":8,"169":0,"170":0,"171":0,"172":0,"173":0,"174":0,"175":0,"176":0,"177":0,"178":0,"179":0,"180":0,"181":0,"182":8,"183":3,"184":3,"185":1,"186":2,"187":2,"188":2,"189":1,"190":1,"191":1,"192":1,"193":1,"194":1,"195":1,"196":4,"197":4,"198":0,"199":0,"200":0,"201":1,"202":0,"203":0,"204":8,"205":0,"206":0,"207":0,"208":0,"209":0,"210":0,"211":0,"212":0,"213":0,"214":0,"215":0,"216":0,"217":0,"218":0,"219":0,"220":0,"221":0,"222":8},"f":{"0":11,"1":0,"2":1,"3":0,"4":0,"5":2,"6":6,"7":0,"8":0,"9":3,"10":0},"b":{"0":[2,9],"1":[0,0],"2":[1,0,0,0],"3":[0,0],"4":[0,0],"5":[1,5],"6":[6,5,5,5],"7":[1,4],"8":[0,4],"9":[2,2],"10":[1,1],"11":[0,1],"12":[0,1],"13":[1,1,1,1,1,1,1,1],"14":[0,1],"15":[1,1],"16":[0,1],"17":[0,1],"18":[0,1],"19":[1,1,1,1],"20":[1,0],"21":[0,1],"22":[0,1],"23":[0,1],"24":[1,1,1,1,1],"25":[0,0],"26":[0,0],"27":[0,0],"28":[0,0],"29":[0,0],"30":[0,0],"31":[0,0],"32":[0,0],"33":[0,0],"34":[0,0],"35":[0,0],"36":[0,0],"37":[0,0],"38":[0,0],"39":[0,0],"40":[0,0],"41":[0,0],"42":[0,0],"43":[0,0],"44":[0,0],"45":[0,0],"46":[0,0],"47":[0,0],"48":[0,0],"49":[0,0],"50":[0,0],"51":[0,0],"52":[0,0],"53":[0,0],"54":[0,0],"55":[0,0],"56":[0,0],"57":[0,0],"58":[0,0],"59":[0,0],"60":[0,0],"61":[0,0],"62":[0,0],"63":[0,0],"64":[0,0],"65":[0,0],"66":[0,0],"67":[0,0],"68":[0,0],"69":[0,0],"70":[0,0],"71":[0,0],"72":[0,0],"73":[0,0],"74":[0,0],"75":[0,0],"76":[0,0],"77":[0,0],"78":[0,0],"79":[1,2],"80":[1,1],"81":[1,0],"82":[0,4],"83":[0,1],"84":[0,0],"85":[0,0],"86":[0,0],"87":[0,0]},"_coverageSchema":"1a1c01bbd47fc00a2c39e90264f33305004495a9","hash":"6bf7552f4aa154f13d63123c611ab6fc0e782c1e"}
,"C:\\football-app\\backend\\scripts\\backupMongoDB.js": {"path":"C:\\football-app\\backend\\scripts\\backupMongoDB.js","statementMap":{"0":{"start":{"line":1,"column":17},"end":{"line":1,"column":41}},"1":{"start":{"line":2,"column":13},"end":{"line":2,"column":28}},"2":{"start":{"line":3,"column":13},"end":{"line":3,"column":28}},"3":{"start":{"line":6,"column":20},"end":{"line":6,"column":40}},"4":{"start":{"line":9,"column":22},"end":{"line":32,"column":1}},"5":{"start":{"line":10,"column":2},"end":{"line":31,"column":3}},"6":{"start":{"line":12,"column":22},"end":{"line":12,"column":56}},"7":{"start":{"line":13,"column":17},"end":{"line":13,"column":55}},"8":{"start":{"line":14,"column":23},"end":{"line":14,"column":61}},"9":{"start":{"line":17,"column":20},"end":{"line":17,"column":94}},"10":{"start":{"line":19,"column":4},"end":{"line":19,"column":69}},"11":{"start":{"line":20,"column":31},"end":{"line":20,"column":57}},"12":{"start":{"line":22,"column":4},"end":{"line":25,"column":5}},"13":{"start":{"line":23,"column":6},"end":{"line":23,"column":52}},"14":{"start":{"line":24,"column":6},"end":{"line":24,"column":13}},"15":{"start":{"line":27,"column":4},"end":{"line":27,"column":62}},"16":{"start":{"line":28,"column":4},"end":{"line":28,"column":24}},"17":{"start":{"line":30,"column":4},"end":{"line":30,"column":70}},"18":{"start":{"line":34,"column":0},"end":{"line":34,"column":31}}},"fnMap":{"0":{"name":"(anonymous_0)","decl":{"start":{"line":9,"column":22},"end":{"line":9,"column":23}},"loc":{"start":{"line":9,"column":34},"end":{"line":32,"column":1}},"line":9}},"branchMap":{"0":{"loc":{"start":{"line":22,"column":4},"end":{"line":25,"column":5}},"type":"if","locations":[{"start":{"line":22,"column":4},"end":{"line":25,"column":5}},{"start":{},"end":{}}],"line":22}},"s":{"0":1,"1":1,"2":1,"3":1,"4":1,"5":0,"6":0,"7":0,"8":0,"9":0,"10":0,"11":0,"12":0,"13":0,"14":0,"15":0,"16":0,"17":0,"18":1},"f":{"0":0},"b":{"0":[0,0]},"_coverageSchema":"1a1c01bbd47fc00a2c39e90264f33305004495a9","hash":"3d432fbb47b058a3d4331dfac5e0f9f4444b2679"}
,"C:\\football-app\\backend\\tests\\utils\\logger.js": {"path":"C:\\football-app\\backend\\tests\\utils\\logger.js","statementMap":{"0":{"start":{"line":1,"column":14},"end":{"line":1,"column":30}},"1":{"start":{"line":4,"column":12},"end":{"line":10,"column":1}},"2":{"start":{"line":5,"column":21},"end":{"line":5,"column":71}},"3":{"start":{"line":6,"column":24},"end":{"line":6,"column":78}},"4":{"start":{"line":7,"column":22},"end":{"line":7,"column":72}},"5":{"start":{"line":8,"column":21},"end":{"line":8,"column":73}},"6":{"start":{"line":9,"column":19},"end":{"line":9,"column":86}},"7":{"start":{"line":12,"column":0},"end":{"line":12,"column":21}}},"fnMap":{"0":{"name":"(anonymous_0)","decl":{"start":{"line":5,"column":8},"end":{"line":5,"column":9}},"loc":{"start":{"line":5,"column":21},"end":{"line":5,"column":71}},"line":5},"1":{"name":"(anonymous_1)","decl":{"start":{"line":6,"column":11},"end":{"line":6,"column":12}},"loc":{"start":{"line":6,"column":24},"end":{"line":6,"column":78}},"line":6},"2":{"name":"(anonymous_2)","decl":{"start":{"line":7,"column":9},"end":{"line":7,"column":10}},"loc":{"start":{"line":7,"column":22},"end":{"line":7,"column":72}},"line":7},"3":{"name":"(anonymous_3)","decl":{"start":{"line":8,"column":8},"end":{"line":8,"column":9}},"loc":{"start":{"line":8,"column":21},"end":{"line":8,"column":73}},"line":8},"4":{"name":"(anonymous_4)","decl":{"start":{"line":9,"column":13},"end":{"line":9,"column":14}},"loc":{"start":{"line":9,"column":19},"end":{"line":9,"column":86}},"line":9}},"branchMap":{},"s":{"0":10,"1":10,"2":85,"3":85,"4":0,"5":64,"6":63,"7":10},"f":{"0":85,"1":85,"2":0,"3":64,"4":63},"b":{},"_coverageSchema":"1a1c01bbd47fc00a2c39e90264f33305004495a9","hash":"9558c234a33009349a942b340289b5a615665c9e"}
}
