TN:
SF:app.js
FN:39,(anonymous_0)
FNF:1
FNH:0
FNDA:0,(anonymous_0)
DA:1,8
DA:2,8
DA:3,8
DA:4,8
DA:5,8
DA:6,8
DA:7,8
DA:8,8
DA:9,8
DA:10,8
DA:11,8
DA:13,8
DA:14,8
DA:15,8
DA:17,8
DA:20,8
DA:22,8
DA:23,8
DA:26,8
DA:27,8
DA:28,8
DA:29,8
DA:30,8
DA:31,8
DA:32,8
DA:33,8
DA:34,8
DA:36,8
DA:37,8
DA:39,8
DA:40,0
DA:42,0
DA:43,0
DA:44,0
DA:47,0
DA:48,0
DA:49,0
DA:50,0
DA:53,0
DA:54,0
DA:56,0
DA:57,0
DA:60,0
DA:61,0
DA:62,0
DA:63,0
DA:64,0
DA:66,0
DA:69,0
DA:70,0
DA:84,8
LF:51
LH:31
BRDA:42,0,0,0
BRDA:42,0,1,0
BRDA:42,1,0,0
BRDA:42,1,1,0
BRDA:60,2,0,0
BRDA:60,2,1,0
BRDA:60,3,0,0
BRDA:60,3,1,0
BRF:8
BRH:0
end_of_record
TN:
SF:controllers\userController.js
FN:7,(anonymous_0)
FNF:1
FNH:1
FNDA:9,(anonymous_0)
DA:1,8
DA:2,8
DA:3,8
DA:4,8
DA:7,8
DA:9,9
DA:10,9
DA:11,4
DA:14,5
DA:16,5
DA:17,5
DA:18,5
DA:19,2
DA:22,3
DA:23,3
DA:24,1
DA:27,2
DA:33,2
DA:45,0
DA:46,0
DA:50,8
LF:21
LH:19
BRDA:10,0,0,4
BRDA:10,0,1,5
BRDA:18,1,0,2
BRDA:18,1,1,3
BRDA:23,2,0,1
BRDA:23,2,1,2
BRDA:41,3,0,0
BRDA:41,3,1,2
BRF:8
BRH:7
end_of_record
TN:
SF:middleware\auth.js
FN:4,(anonymous_0)
FNF:1
FNH:0
FNDA:0,(anonymous_0)
DA:1,2
DA:2,2
DA:4,2
DA:5,0
DA:6,0
DA:8,0
DA:9,0
DA:12,0
DA:14,0
DA:15,0
DA:16,0
DA:19,0
DA:29,0
DA:31,0
DA:32,0
DA:34,0
DA:38,2
LF:17
LH:4
BRDA:8,0,0,0
BRDA:8,0,1,0
BRDA:15,1,0,0
BRDA:15,1,1,0
BRDA:24,2,0,0
BRDA:24,2,1,0
BRDA:25,3,0,0
BRDA:25,3,1,0
BRDA:26,4,0,0
BRDA:26,4,1,0
BRDA:31,5,0,0
BRDA:31,5,1,0
BRF:12
BRH:0
end_of_record
TN:
SF:middleware\cronJobs.js
FN:9,(anonymous_0)
FN:10,(anonymous_1)
FN:28,(anonymous_2)
FN:41,(anonymous_3)
FN:42,(anonymous_4)
FN:55,(anonymous_5)
FN:56,(anonymous_6)
FN:67,(anonymous_7)
FN:68,(anonymous_8)
FNF:9
FNH:3
FNDA:3,(anonymous_0)
FNDA:3,(anonymous_1)
FNDA:1,(anonymous_2)
FNDA:0,(anonymous_3)
FNDA:0,(anonymous_4)
FNDA:0,(anonymous_5)
FNDA:0,(anonymous_6)
FNDA:0,(anonymous_7)
FNDA:0,(anonymous_8)
DA:1,1
DA:2,1
DA:3,1
DA:4,1
DA:5,1
DA:6,1
DA:9,1
DA:10,3
DA:11,3
DA:12,3
DA:13,3
DA:16,3
DA:21,2
DA:22,1
DA:23,1
DA:27,1
DA:29,1
DA:30,1
DA:34,1
DA:36,1
DA:41,1
DA:42,0
DA:43,0
DA:44,0
DA:45,0
DA:47,0
DA:48,0
DA:50,0
DA:55,1
DA:56,0
DA:57,0
DA:58,0
DA:59,0
DA:61,0
DA:67,1
DA:68,0
DA:69,0
DA:70,0
DA:71,0
DA:72,0
DA:73,0
DA:75,0
DA:76,0
DA:77,0
DA:78,0
DA:79,0
DA:80,0
DA:81,0
DA:82,0
DA:83,0
DA:87,0
DA:89,0
DA:93,1
LF:53
LH:24
BRDA:21,0,0,1
BRDA:21,0,1,1
BRDA:77,1,0,0
BRDA:77,1,1,0
BRDA:80,2,0,0
BRDA:80,2,1,0
BRF:6
BRH:2
end_of_record
TN:
SF:middleware\openaiService.js
FN:10,generateFeedbackSummary
FNF:1
FNH:0
FNDA:0,generateFeedbackSummary
DA:1,8
DA:2,8
DA:4,8
DA:6,8
DA:11,0
DA:21,0
DA:22,0
DA:29,0
DA:31,0
DA:32,0
DA:36,8
LF:11
LH:5
BRF:0
BRH:0
end_of_record
TN:
SF:middleware\playerStatus.js
FN:4,(anonymous_0)
FNF:1
FNH:0
FNDA:0,(anonymous_0)
DA:1,8
DA:2,8
DA:4,8
DA:5,0
DA:6,0
DA:11,0
DA:12,0
DA:14,0
DA:15,0
DA:17,0
DA:18,0
DA:21,0
DA:23,0
DA:24,0
DA:28,8
LF:15
LH:4
BRDA:12,0,0,0
BRDA:12,0,1,0
BRDA:14,1,0,0
BRDA:14,1,1,0
BRDA:18,2,0,0
BRDA:18,2,1,0
BRF:6
BRH:0
end_of_record
TN:
SF:models\Announcement.js
FN:18,(anonymous_0)
FNF:1
FNH:0
FNDA:0,(anonymous_0)
DA:1,8
DA:3,8
DA:19,0
DA:35,8
LF:4
LH:3
BRF:0
BRH:0
end_of_record
TN:
SF:models\Event.js
FN:19,(anonymous_0)
FN:29,(anonymous_1)
FN:39,(anonymous_2)
FN:47,(anonymous_3)
FN:68,(anonymous_4)
FN:76,(anonymous_5)
FN:82,(anonymous_6)
FN:83,(anonymous_7)
FN:100,(anonymous_8)
FN:125,(anonymous_9)
FN:128,(anonymous_10)
FN:128,(anonymous_11)
FN:158,(anonymous_12)
FN:170,(anonymous_13)
FNF:14
FNH:9
FNDA:0,(anonymous_0)
FNDA:15,(anonymous_1)
FNDA:6,(anonymous_2)
FNDA:0,(anonymous_3)
FNDA:3,(anonymous_4)
FNDA:2,(anonymous_5)
FNDA:2,(anonymous_6)
FNDA:2,(anonymous_7)
FNDA:3,(anonymous_8)
FNDA:0,(anonymous_9)
FNDA:0,(anonymous_10)
FNDA:0,(anonymous_11)
FNDA:15,(anonymous_12)
FNDA:6,(anonymous_13)
DA:1,9
DA:2,9
DA:3,9
DA:4,9
DA:7,9
DA:19,9
DA:20,0
DA:21,0
DA:22,0
DA:23,0
DA:24,0
DA:29,9
DA:30,15
DA:31,15
DA:33,15
DA:34,0
DA:37,15
DA:38,5
DA:39,6
DA:40,5
DA:41,0
DA:45,15
DA:46,0
DA:47,0
DA:48,0
DA:49,0
DA:53,15
DA:54,15
DA:55,0
DA:58,15
DA:60,0
DA:65,9
DA:68,9
DA:69,3
DA:70,3
DA:71,3
DA:72,3
DA:73,3
DA:76,3
DA:82,3
DA:84,2
DA:85,2
DA:89,3
DA:90,3
DA:92,3
DA:94,0
DA:95,0
DA:100,9
DA:101,3
DA:102,3
DA:103,3
DA:105,3
DA:106,3
DA:109,3
DA:110,3
DA:111,2
DA:116,2
DA:118,2
DA:122,2
DA:125,0
DA:126,0
DA:128,0
DA:129,0
DA:130,0
DA:131,0
DA:134,0
DA:145,0
DA:150,3
DA:152,3
DA:154,0
DA:155,0
DA:158,9
DA:159,15
DA:160,15
DA:161,15
DA:162,15
DA:170,15
DA:181,15
DA:182,15
DA:184,15
DA:186,0
DA:187,0
DA:191,9
LF:83
LH:56
BRDA:20,0,0,0
BRDA:20,0,1,0
BRDA:20,0,2,0
BRDA:20,0,3,0
BRDA:33,1,0,0
BRDA:33,1,1,15
BRDA:37,2,0,5
BRDA:37,2,1,10
BRDA:37,3,0,15
BRDA:37,3,1,15
BRDA:39,4,0,6
BRDA:39,4,1,6
BRDA:40,5,0,0
BRDA:40,5,1,5
BRDA:45,6,0,0
BRDA:45,6,1,15
BRDA:45,7,0,15
BRDA:45,7,1,15
BRDA:47,8,0,0
BRDA:47,8,1,0
BRDA:48,9,0,0
BRDA:48,9,1,0
BRDA:54,10,0,0
BRDA:54,10,1,15
BRDA:54,11,0,15
BRDA:54,11,1,15
BRDA:71,12,0,3
BRDA:71,12,1,0
BRDA:103,13,0,3
BRDA:103,13,1,0
BRDA:116,14,0,2
BRDA:116,14,1,0
BRDA:130,15,0,0
BRDA:130,15,1,0
BRF:34
BRH:17
end_of_record
TN:
SF:models\Feedback.js
FN:39,(anonymous_0)
FN:48,(anonymous_1)
FN:87,(anonymous_2)
FN:91,(anonymous_3)
FN:91,(anonymous_4)
FN:118,(anonymous_5)
FN:145,(anonymous_6)
FN:148,(anonymous_7)
FN:148,(anonymous_8)
FNF:9
FNH:5
FNDA:5,(anonymous_0)
FNDA:5,(anonymous_1)
FNDA:5,(anonymous_2)
FNDA:5,(anonymous_3)
FNDA:5,(anonymous_4)
FNDA:0,(anonymous_5)
FNDA:0,(anonymous_6)
FNDA:0,(anonymous_7)
FNDA:0,(anonymous_8)
DA:1,8
DA:2,8
DA:3,8
DA:4,8
DA:6,8
DA:36,8
DA:39,8
DA:40,5
DA:41,4
DA:42,0
DA:43,1
DA:44,0
DA:48,8
DA:49,5
DA:50,5
DA:53,5
DA:54,5
DA:55,0
DA:58,5
DA:66,5
DA:77,5
DA:78,5
DA:81,5
DA:87,5
DA:88,5
DA:91,5
DA:92,5
DA:93,5
DA:94,5
DA:98,5
DA:109,5
DA:111,5
DA:113,0
DA:114,0
DA:118,8
DA:119,0
DA:120,0
DA:123,0
DA:128,0
DA:131,0
DA:136,0
DA:138,0
DA:142,0
DA:145,0
DA:146,0
DA:148,0
DA:149,0
DA:150,0
DA:151,0
DA:154,0
DA:165,0
DA:168,0
DA:170,0
DA:171,0
DA:174,8
LF:55
LH:31
BRDA:40,0,0,4
BRDA:40,0,1,0
BRDA:40,0,2,1
BRDA:40,0,3,0
BRDA:54,1,0,0
BRDA:54,1,1,5
BRDA:88,2,0,5
BRDA:88,2,1,0
BRDA:93,3,0,5
BRDA:93,3,1,0
BRDA:136,4,0,0
BRDA:136,4,1,0
BRDA:150,5,0,0
BRDA:150,5,1,0
BRF:14
BRH:5
end_of_record
TN:
SF:models\Fine.js
FN:48,(anonymous_0)
FNF:1
FNH:1
FNDA:1,(anonymous_0)
DA:1,8
DA:2,8
DA:3,8
DA:5,8
DA:48,8
DA:49,1
DA:50,1
DA:51,1
DA:52,0
DA:53,0
DA:56,1
DA:59,1
DA:68,1
DA:70,1
DA:72,0
DA:73,0
DA:76,8
LF:17
LH:13
BRDA:51,0,0,0
BRDA:51,0,1,1
BRF:2
BRH:1
end_of_record
TN:
SF:models\Injury.js
FN:56,(anonymous_0)
FNF:1
FNH:0
FNDA:0,(anonymous_0)
DA:1,8
DA:3,8
DA:56,8
DA:57,0
DA:58,0
DA:60,0
DA:63,8
LF:7
LH:4
BRDA:57,0,0,0
BRDA:57,0,1,0
BRDA:57,1,0,0
BRDA:57,1,1,0
BRF:4
BRH:0
end_of_record
TN:
SF:models\Manager.js
FNF:0
FNH:0
DA:1,8
DA:3,8
DA:18,8
DA:19,8
LF:4
LH:4
BRF:0
BRH:0
end_of_record
TN:
SF:models\Notification.js
FNF:0
FNH:0
DA:1,9
DA:3,9
DA:14,9
LF:3
LH:3
BRF:0
BRH:0
end_of_record
TN:
SF:models\Player.js
FNF:0
FNH:0
DA:1,8
DA:3,8
DA:47,8
DA:49,8
LF:4
LH:4
BRF:0
BRH:0
end_of_record
TN:
SF:models\PlayerFeedbackSummary.js
FNF:0
FNH:0
DA:2,9
DA:4,9
DA:35,9
DA:37,9
LF:4
LH:4
BRF:0
BRH:0
end_of_record
TN:
SF:models\Poll.js
FN:20,(anonymous_0)
FN:33,(anonymous_1)
FNF:2
FNH:1
FNDA:6,(anonymous_0)
FNDA:0,(anonymous_1)
DA:1,8
DA:2,8
DA:4,8
DA:20,8
DA:21,6
DA:22,0
DA:25,6
DA:26,6
DA:27,6
DA:29,6
DA:33,8
DA:34,0
DA:36,0
DA:37,0
DA:38,0
DA:42,0
DA:46,0
DA:48,0
DA:50,0
DA:51,0
DA:55,8
DA:56,8
LF:22
LH:12
BRDA:21,0,0,0
BRDA:21,0,1,6
BRDA:25,1,0,6
BRDA:25,1,1,0
BRDA:37,2,0,0
BRDA:37,2,1,0
BRF:6
BRH:2
end_of_record
TN:
SF:models\Staff.js
FNF:0
FNH:0
DA:1,8
DA:3,8
DA:24,8
DA:25,8
LF:4
LH:4
BRF:0
BRH:0
end_of_record
TN:
SF:models\User.js
FN:14,(anonymous_0)
FNF:1
FNH:1
FNDA:2,(anonymous_0)
DA:1,9
DA:3,9
DA:14,9
DA:15,2
DA:16,2
DA:17,2
DA:19,0
DA:21,2
DA:23,0
DA:25,2
DA:27,0
DA:29,2
DA:31,0
DA:34,9
DA:36,9
LF:15
LH:11
BRDA:17,0,0,0
BRDA:17,0,1,2
BRDA:17,1,0,2
BRDA:17,1,1,1
BRDA:21,2,0,0
BRDA:21,2,1,2
BRDA:21,3,0,2
BRDA:21,3,1,1
BRDA:25,4,0,0
BRDA:25,4,1,2
BRDA:25,5,0,2
BRDA:25,5,1,1
BRF:12
BRH:9
end_of_record
TN:
SF:routes\announcements.js
FN:9,(anonymous_0)
FN:29,(anonymous_1)
FN:54,(anonymous_2)
FN:93,(anonymous_3)
FN:127,(anonymous_4)
FNF:5
FNH:0
FNDA:0,(anonymous_0)
FNDA:0,(anonymous_1)
FNDA:0,(anonymous_2)
FNDA:0,(anonymous_3)
FNDA:0,(anonymous_4)
DA:1,8
DA:2,8
DA:3,8
DA:4,8
DA:5,8
DA:6,8
DA:9,8
DA:10,0
DA:11,0
DA:12,0
DA:13,0
DA:14,0
DA:15,0
DA:17,0
DA:18,0
DA:19,0
DA:21,0
DA:22,0
DA:24,0
DA:25,0
DA:29,8
DA:30,0
DA:31,0
DA:32,0
DA:36,0
DA:37,0
DA:39,0
DA:40,0
DA:45,8
DA:55,0
DA:56,0
DA:57,0
DA:58,0
DA:61,0
DA:62,0
DA:64,0
DA:65,0
DA:72,0
DA:73,0
DA:74,0
DA:76,0
DA:77,0
DA:83,8
DA:94,0
DA:95,0
DA:96,0
DA:97,0
DA:100,0
DA:101,0
DA:102,0
DA:104,0
DA:105,0
DA:106,0
DA:107,0
DA:108,0
DA:111,0
DA:112,0
DA:113,0
DA:114,0
DA:116,0
DA:117,0
DA:118,0
DA:120,0
DA:121,0
DA:127,8
DA:128,0
DA:129,0
DA:130,0
DA:132,0
DA:133,0
DA:134,0
DA:135,0
DA:138,0
DA:139,0
DA:140,0
DA:142,0
DA:143,0
DA:147,8
LF:78
LH:12
BRDA:13,0,0,0
BRDA:13,0,1,0
BRDA:17,1,0,0
BRDA:17,1,1,0
BRDA:56,2,0,0
BRDA:56,2,1,0
BRDA:95,3,0,0
BRDA:95,3,1,0
BRDA:106,4,0,0
BRDA:106,4,1,0
BRDA:111,5,0,0
BRDA:111,5,1,0
BRDA:112,6,0,0
BRDA:112,6,1,0
BRDA:113,7,0,0
BRDA:113,7,1,0
BRDA:114,8,0,0
BRDA:114,8,1,0
BRDA:133,9,0,0
BRDA:133,9,1,0
BRF:20
BRH:0
end_of_record
TN:
SF:routes\events.js
FN:7,(anonymous_0)
FN:14,(anonymous_1)
FN:23,(anonymous_2)
FN:38,(anonymous_3)
FN:63,(anonymous_4)
FN:113,(anonymous_5)
FN:138,(anonymous_6)
FN:170,(anonymous_7)
FNF:8
FNH:4
FNDA:10,(anonymous_0)
FNDA:5,(anonymous_1)
FNDA:0,(anonymous_2)
FNDA:2,(anonymous_3)
FNDA:0,(anonymous_4)
FNDA:0,(anonymous_5)
FNDA:0,(anonymous_6)
FNDA:3,(anonymous_7)
DA:1,8
DA:2,8
DA:3,8
DA:4,8
DA:7,8
DA:8,10
DA:9,3
DA:11,7
DA:14,8
DA:15,5
DA:16,5
DA:17,5
DA:18,1
DA:21,4
DA:22,4
DA:23,4
DA:25,4
DA:26,1
DA:29,3
DA:30,3
DA:32,0
DA:33,0
DA:38,8
DA:39,2
DA:40,2
DA:43,2
DA:54,2
DA:55,2
DA:57,0
DA:58,0
DA:63,8
DA:64,0
DA:66,0
DA:67,0
DA:70,0
DA:79,0
DA:81,0
DA:85,0
DA:87,0
DA:93,0
DA:95,0
DA:102,0
DA:105,0
DA:107,0
DA:108,0
DA:113,8
DA:114,0
DA:115,0
DA:116,0
DA:121,0
DA:122,0
DA:126,0
DA:127,0
DA:128,0
DA:131,0
DA:133,0
DA:134,0
DA:138,8
DA:139,0
DA:140,0
DA:143,0
DA:158,0
DA:159,0
DA:162,0
DA:164,0
DA:165,0
DA:170,8
DA:171,3
DA:172,3
DA:174,3
DA:175,0
DA:178,3
DA:180,0
DA:181,0
DA:185,8
LF:75
LH:35
BRDA:8,0,0,3
BRDA:8,0,1,7
BRDA:8,1,0,10
BRDA:8,1,1,6
BRDA:17,2,0,1
BRDA:17,2,1,4
BRDA:25,3,0,1
BRDA:25,3,1,3
BRDA:25,4,0,4
BRDA:25,4,1,1
BRDA:58,5,0,0
BRDA:58,5,1,0
BRDA:79,6,0,0
BRDA:79,6,1,0
BRDA:85,7,0,0
BRDA:85,7,1,0
BRDA:93,8,0,0
BRDA:93,8,1,0
BRDA:121,9,0,0
BRDA:121,9,1,0
BRDA:126,10,0,0
BRDA:126,10,1,0
BRDA:126,11,0,0
BRDA:126,11,1,0
BRDA:158,12,0,0
BRDA:158,12,1,0
BRDA:165,13,0,0
BRDA:165,13,1,0
BRDA:174,14,0,0
BRDA:174,14,1,3
BRDA:181,15,0,0
BRDA:181,15,1,0
BRF:32
BRH:11
end_of_record
TN:
SF:routes\feedbacks.js
FN:11,(anonymous_0)
FN:19,(anonymous_1)
FN:62,(anonymous_2)
FN:94,(anonymous_3)
FN:120,(anonymous_4)
FN:135,(anonymous_5)
FN:153,(anonymous_6)
FN:175,(anonymous_7)
FN:191,(anonymous_8)
FN:194,(anonymous_9)
FN:201,(anonymous_10)
FN:206,(anonymous_11)
FN:225,(anonymous_12)
FN:230,(anonymous_13)
FN:230,(anonymous_14)
FN:259,(anonymous_15)
FN:272,(anonymous_16)
FN:289,satisfactionToNumber
FNF:18
FNH:2
FNDA:0,(anonymous_0)
FNDA:3,(anonymous_1)
FNDA:1,(anonymous_2)
FNDA:0,(anonymous_3)
FNDA:0,(anonymous_4)
FNDA:0,(anonymous_5)
FNDA:0,(anonymous_6)
FNDA:0,(anonymous_7)
FNDA:0,(anonymous_8)
FNDA:0,(anonymous_9)
FNDA:0,(anonymous_10)
FNDA:0,(anonymous_11)
FNDA:0,(anonymous_12)
FNDA:0,(anonymous_13)
FNDA:0,(anonymous_14)
FNDA:0,(anonymous_15)
FNDA:0,(anonymous_16)
FNDA:0,satisfactionToNumber
DA:1,8
DA:2,8
DA:3,8
DA:4,8
DA:5,8
DA:6,8
DA:7,8
DA:8,8
DA:9,8
DA:11,8
DA:12,0
DA:13,0
DA:15,0
DA:19,8
DA:20,3
DA:21,3
DA:22,3
DA:23,3
DA:24,3
DA:25,3
DA:26,0
DA:28,3
DA:29,3
DA:30,1
DA:33,2
DA:34,1
DA:37,1
DA:38,1
DA:39,0
DA:42,1
DA:50,1
DA:51,1
DA:53,0
DA:54,0
DA:56,0
DA:62,8
DA:63,1
DA:64,1
DA:65,1
DA:67,1
DA:68,1
DA:69,1
DA:71,1
DA:73,1
DA:74,1
DA:75,0
DA:81,1
DA:83,1
DA:84,1
DA:86,0
DA:89,0
DA:93,0
DA:94,0
DA:96,0
DA:97,0
DA:101,0
DA:104,0
DA:106,0
DA:110,0
DA:113,0
DA:115,0
DA:116,0
DA:120,8
DA:121,0
DA:122,0
DA:125,0
DA:126,0
DA:130,0
DA:135,0
DA:146,0
DA:148,0
DA:149,0
DA:153,8
DA:154,0
DA:156,0
DA:157,0
DA:160,0
DA:161,0
DA:164,0
DA:165,0
DA:167,0
DA:169,0
DA:170,0
DA:175,8
DA:176,0
DA:177,0
DA:180,0
DA:185,0
DA:188,0
DA:191,0
DA:192,0
DA:194,0
DA:196,0
DA:199,0
DA:201,0
DA:206,0
DA:211,0
DA:212,0
DA:217,0
DA:218,0
DA:222,0
DA:224,0
DA:225,0
DA:228,0
DA:230,0
DA:231,0
DA:232,0
DA:233,0
DA:236,0
DA:247,0
DA:251,0
DA:253,0
DA:254,0
DA:259,8
DA:260,0
DA:261,0
DA:262,0
DA:264,0
DA:266,0
DA:267,0
DA:272,8
DA:273,0
DA:274,0
DA:277,0
DA:280,0
DA:282,0
DA:284,0
DA:285,0
DA:290,0
DA:291,0
DA:292,0
DA:293,0
DA:294,0
DA:297,8
LF:134
LH:46
BRDA:12,0,0,0
BRDA:12,0,1,0
BRDA:25,1,0,0
BRDA:25,1,1,3
BRDA:29,2,0,1
BRDA:29,2,1,2
BRDA:33,3,0,1
BRDA:33,3,1,1
BRDA:38,4,0,0
BRDA:38,4,1,1
BRDA:53,5,0,0
BRDA:53,5,1,0
BRDA:74,6,0,0
BRDA:74,6,1,1
BRDA:81,7,0,1
BRDA:81,7,1,0
BRDA:83,8,0,1
BRDA:83,8,1,0
BRDA:89,9,0,0
BRDA:89,9,1,0
BRDA:96,10,0,0
BRDA:96,10,1,0
BRDA:96,11,0,0
BRDA:96,11,1,0
BRDA:104,12,0,0
BRDA:104,12,1,0
BRDA:125,13,0,0
BRDA:125,13,1,0
BRDA:137,14,0,0
BRDA:137,14,1,0
BRDA:137,15,0,0
BRDA:137,15,1,0
BRDA:217,16,0,0
BRDA:217,16,1,0
BRDA:232,17,0,0
BRDA:232,17,1,0
BRDA:290,18,0,0
BRDA:290,18,1,0
BRDA:290,18,2,0
BRDA:290,18,3,0
BRF:40
BRH:9
end_of_record
TN:
SF:routes\fines.js
FN:9,(anonymous_0)
FN:16,(anonymous_1)
FN:24,(anonymous_2)
FN:48,(anonymous_3)
FN:94,(anonymous_4)
FN:142,(anonymous_5)
FN:218,(anonymous_6)
FN:236,(anonymous_7)
FN:270,(anonymous_8)
FN:290,(anonymous_9)
FN:305,(anonymous_10)
FN:319,(anonymous_11)
FN:334,(anonymous_12)
FN:344,(anonymous_13)
FN:346,(anonymous_14)
FN:347,(anonymous_15)
FNF:16
FNH:6
FNDA:0,(anonymous_0)
FNDA:5,(anonymous_1)
FNDA:7,(anonymous_2)
FNDA:2,(anonymous_3)
FNDA:2,(anonymous_4)
FNDA:2,(anonymous_5)
FNDA:1,(anonymous_6)
FNDA:0,(anonymous_7)
FNDA:0,(anonymous_8)
FNDA:0,(anonymous_9)
FNDA:0,(anonymous_10)
FNDA:0,(anonymous_11)
FNDA:0,(anonymous_12)
FNDA:0,(anonymous_13)
FNDA:0,(anonymous_14)
FNDA:0,(anonymous_15)
DA:1,8
DA:2,8
DA:3,8
DA:4,8
DA:5,8
DA:6,8
DA:7,8
DA:9,8
DA:10,0
DA:11,0
DA:13,0
DA:16,8
DA:17,5
DA:18,1
DA:20,4
DA:24,8
DA:25,7
DA:26,7
DA:27,7
DA:28,1
DA:31,6
DA:32,6
DA:33,6
DA:35,6
DA:36,1
DA:39,5
DA:40,5
DA:42,0
DA:43,0
DA:48,8
DA:49,2
DA:50,2
DA:51,2
DA:52,1
DA:55,1
DA:63,1
DA:64,1
DA:65,1
DA:68,1
DA:69,1
DA:70,1
DA:83,1
DA:84,1
DA:86,1
DA:88,0
DA:89,0
DA:94,8
DA:95,2
DA:96,2
DA:98,2
DA:99,0
DA:102,2
DA:103,1
DA:106,1
DA:107,0
DA:110,1
DA:111,1
DA:112,1
DA:113,1
DA:114,1
DA:117,1
DA:118,1
DA:119,1
DA:131,1
DA:132,1
DA:134,1
DA:136,0
DA:137,0
DA:142,8
DA:143,2
DA:144,2
DA:146,2
DA:147,1
DA:150,1
DA:152,1
DA:153,0
DA:156,1
DA:157,1
DA:158,1
DA:159,1
DA:161,1
DA:162,1
DA:163,1
DA:165,1
DA:179,1
DA:180,0
DA:181,0
DA:183,0
DA:197,1
DA:199,1
DA:200,1
DA:201,1
DA:202,1
DA:205,1
DA:206,1
DA:207,1
DA:210,1
DA:212,0
DA:213,0
DA:218,8
DA:219,1
DA:220,1
DA:221,1
DA:223,1
DA:224,0
DA:227,1
DA:228,1
DA:230,0
DA:231,0
DA:236,8
DA:237,0
DA:239,0
DA:240,0
DA:243,0
DA:248,0
DA:249,0
DA:250,0
DA:251,0
DA:254,0
DA:255,0
DA:259,0
DA:262,0
DA:263,0
DA:265,0
DA:266,0
DA:270,8
DA:271,0
DA:273,0
DA:274,0
DA:277,0
DA:280,0
DA:282,0
DA:284,0
DA:285,0
DA:290,8
DA:291,0
DA:292,0
DA:295,0
DA:299,0
DA:302,0
DA:305,0
DA:306,0
DA:310,0
DA:312,0
DA:314,0
DA:315,0
DA:319,8
DA:320,0
DA:322,0
DA:323,0
DA:327,0
DA:332,0
DA:333,0
DA:334,0
DA:338,0
DA:344,0
DA:346,0
DA:347,0
DA:350,0
DA:351,0
DA:354,0
DA:355,0
DA:356,0
DA:358,0
DA:361,8
LF:165
LH:94
BRDA:10,0,0,0
BRDA:10,0,1,0
BRDA:17,1,0,1
BRDA:17,1,1,4
BRDA:17,2,0,5
BRDA:17,2,1,1
BRDA:27,3,0,1
BRDA:27,3,1,6
BRDA:35,4,0,1
BRDA:35,4,1,5
BRDA:35,5,0,6
BRDA:35,5,1,4
BRDA:51,6,0,1
BRDA:51,6,1,1
BRDA:60,7,0,1
BRDA:60,7,1,0
BRDA:69,8,0,1
BRDA:69,8,1,0
BRDA:89,9,0,0
BRDA:89,9,1,0
BRDA:98,10,0,0
BRDA:98,10,1,2
BRDA:102,11,0,1
BRDA:102,11,1,1
BRDA:106,12,0,0
BRDA:106,12,1,1
BRDA:118,13,0,1
BRDA:118,13,1,0
BRDA:137,14,0,0
BRDA:137,14,1,0
BRDA:146,15,0,1
BRDA:146,15,1,1
BRDA:152,16,0,0
BRDA:152,16,1,1
BRDA:152,17,0,1
BRDA:152,17,1,1
BRDA:159,18,0,1
BRDA:159,18,1,0
BRDA:161,19,0,1
BRDA:161,19,1,0
BRDA:163,20,0,1
BRDA:163,20,1,0
BRDA:163,21,0,1
BRDA:163,21,1,1
BRDA:179,22,0,0
BRDA:179,22,1,1
BRDA:181,23,0,0
BRDA:181,23,1,0
BRDA:181,24,0,0
BRDA:181,24,1,0
BRDA:205,25,0,1
BRDA:205,25,1,0
BRDA:213,26,0,0
BRDA:213,26,1,0
BRDA:223,27,0,0
BRDA:223,27,1,1
BRDA:231,28,0,0
BRDA:231,28,1,0
BRDA:248,29,0,0
BRDA:248,29,1,0
BRDA:250,30,0,0
BRDA:250,30,1,0
BRDA:254,31,0,0
BRDA:254,31,1,0
BRDA:322,32,0,0
BRDA:322,32,1,0
BRDA:322,33,0,0
BRDA:322,33,1,0
BRDA:333,34,0,0
BRDA:333,34,1,0
BRDA:344,35,0,0
BRDA:344,35,1,0
BRF:72
BRH:32
end_of_record
TN:
SF:routes\health.js
FN:6,(anonymous_0)
FNF:1
FNH:0
FNDA:0,(anonymous_0)
DA:1,8
DA:2,8
DA:6,8
DA:7,0
DA:10,8
LF:5
LH:4
BRF:0
BRH:0
end_of_record
TN:
SF:routes\injuries.js
FN:11,(anonymous_0)
FN:19,(anonymous_1)
FN:44,(anonymous_2)
FN:97,(anonymous_3)
FNF:4
FNH:0
FNDA:0,(anonymous_0)
FNDA:0,(anonymous_1)
FNDA:0,(anonymous_2)
FNDA:0,(anonymous_3)
DA:1,8
DA:2,8
DA:3,8
DA:4,8
DA:5,8
DA:6,8
DA:7,8
DA:8,8
DA:11,8
DA:12,0
DA:13,0
DA:15,0
DA:19,8
DA:20,0
DA:21,0
DA:24,0
DA:26,0
DA:27,0
DA:32,8
DA:45,0
DA:46,0
DA:47,0
DA:50,0
DA:52,0
DA:53,0
DA:54,0
DA:55,0
DA:58,0
DA:69,0
DA:70,0
DA:72,0
DA:77,0
DA:78,0
DA:84,8
DA:98,0
DA:99,0
DA:100,0
DA:103,0
DA:104,0
DA:106,0
DA:107,0
DA:108,0
DA:109,0
DA:112,0
DA:113,0
DA:114,0
DA:115,0
DA:116,0
DA:117,0
DA:118,0
DA:119,0
DA:120,0
DA:122,0
DA:123,0
DA:125,0
DA:130,0
DA:131,0
DA:136,8
LF:58
LH:13
BRDA:12,0,0,0
BRDA:12,0,1,0
BRDA:46,1,0,0
BRDA:46,1,1,0
BRDA:54,2,0,0
BRDA:54,2,1,0
BRDA:64,3,0,0
BRDA:64,3,1,0
BRDA:99,4,0,0
BRDA:99,4,1,0
BRDA:108,5,0,0
BRDA:108,5,1,0
BRDA:112,6,0,0
BRDA:112,6,1,0
BRDA:113,7,0,0
BRDA:113,7,1,0
BRDA:114,8,0,0
BRDA:114,8,1,0
BRDA:115,9,0,0
BRDA:115,9,1,0
BRDA:116,10,0,0
BRDA:116,10,1,0
BRDA:117,11,0,0
BRDA:117,11,1,0
BRDA:118,12,0,0
BRDA:118,12,1,0
BRF:26
BRH:0
end_of_record
TN:
SF:routes\notifications.js
FN:8,(anonymous_0)
FN:33,(anonymous_1)
FN:55,(anonymous_2)
FN:76,(anonymous_3)
FNF:4
FNH:4
FNDA:2,(anonymous_0)
FNDA:2,(anonymous_1)
FNDA:1,(anonymous_2)
FNDA:2,(anonymous_3)
DA:1,8
DA:2,8
DA:3,8
DA:4,8
DA:8,8
DA:9,2
DA:10,2
DA:13,2
DA:18,1
DA:20,1
DA:25,1
DA:26,1
DA:33,8
DA:34,2
DA:35,2
DA:38,2
DA:44,2
DA:45,1
DA:48,1
DA:50,0
DA:51,0
DA:55,8
DA:56,1
DA:57,1
DA:60,1
DA:65,1
DA:70,0
DA:71,0
DA:76,8
DA:77,2
DA:78,2
DA:80,2
DA:82,2
DA:83,1
DA:86,1
DA:88,0
DA:89,0
DA:92,8
LF:38
LH:32
BRDA:44,0,0,1
BRDA:44,0,1,1
BRDA:82,1,0,1
BRDA:82,1,1,1
BRF:4
BRH:4
end_of_record
TN:
SF:routes\polls.js
FN:8,(anonymous_0)
FN:15,(anonymous_1)
FN:22,(anonymous_2)
FN:28,(anonymous_3)
FN:33,(anonymous_4)
FN:53,(anonymous_5)
FN:79,(anonymous_6)
FN:102,(anonymous_7)
FN:103,(anonymous_8)
FN:142,(anonymous_9)
FN:166,(anonymous_10)
FN:167,(anonymous_11)
FN:168,(anonymous_12)
FN:183,(anonymous_13)
FN:195,(anonymous_14)
FN:196,(anonymous_15)
FN:208,(anonymous_16)
FN:216,(anonymous_17)
FN:217,(anonymous_18)
FN:237,(anonymous_19)
FN:263,(anonymous_20)
FN:281,(anonymous_21)
FN:287,(anonymous_22)
FN:298,(anonymous_23)
FN:299,(anonymous_24)
FNF:25
FNH:7
FNDA:0,(anonymous_0)
FNDA:3,(anonymous_1)
FNDA:2,(anonymous_2)
FNDA:5,(anonymous_3)
FNDA:3,(anonymous_4)
FNDA:0,(anonymous_5)
FNDA:4,(anonymous_6)
FNDA:8,(anonymous_7)
FNDA:1,(anonymous_8)
FNDA:0,(anonymous_9)
FNDA:0,(anonymous_10)
FNDA:0,(anonymous_11)
FNDA:0,(anonymous_12)
FNDA:0,(anonymous_13)
FNDA:0,(anonymous_14)
FNDA:0,(anonymous_15)
FNDA:0,(anonymous_16)
FNDA:0,(anonymous_17)
FNDA:0,(anonymous_18)
FNDA:0,(anonymous_19)
FNDA:0,(anonymous_20)
FNDA:0,(anonymous_21)
FNDA:0,(anonymous_22)
FNDA:0,(anonymous_23)
FNDA:0,(anonymous_24)
DA:1,8
DA:2,8
DA:3,8
DA:4,8
DA:5,8
DA:6,8
DA:8,8
DA:9,0
DA:10,0
DA:12,0
DA:15,8
DA:16,3
DA:17,1
DA:19,2
DA:22,8
DA:23,2
DA:24,2
DA:25,2
DA:28,5
DA:29,1
DA:33,3
DA:35,1
DA:42,1
DA:43,1
DA:44,1
DA:47,1
DA:53,1
DA:65,1
DA:66,0
DA:67,0
DA:69,1
DA:72,1
DA:74,0
DA:75,0
DA:79,8
DA:80,4
DA:81,4
DA:82,4
DA:83,4
DA:86,4
DA:87,1
DA:91,3
DA:92,3
DA:93,0
DA:97,3
DA:98,0
DA:102,3
DA:103,8
DA:105,3
DA:106,3
DA:107,1
DA:111,2
DA:112,1
DA:116,1
DA:117,1
DA:118,1
DA:121,1
DA:131,1
DA:132,1
DA:134,1
DA:136,0
DA:137,0
DA:142,8
DA:143,0
DA:144,0
DA:145,0
DA:148,0
DA:149,0
DA:152,0
DA:153,0
DA:162,0
DA:166,0
DA:167,0
DA:168,0
DA:170,0
DA:171,0
DA:174,0
DA:175,0
DA:177,0
DA:178,0
DA:183,8
DA:184,0
DA:185,0
DA:189,0
DA:190,0
DA:194,0
DA:195,0
DA:196,0
DA:198,0
DA:199,0
DA:201,0
DA:202,0
DA:203,0
DA:208,0
DA:214,0
DA:215,0
DA:216,0
DA:217,0
DA:224,0
DA:225,0
DA:231,0
DA:232,0
DA:237,8
DA:238,0
DA:239,0
DA:240,0
DA:242,0
DA:243,0
DA:244,0
DA:247,0
DA:248,0
DA:251,0
DA:252,0
DA:253,0
DA:255,0
DA:257,0
DA:258,0
DA:263,8
DA:264,0
DA:266,0
DA:267,0
DA:270,0
DA:271,0
DA:273,0
DA:275,0
DA:276,0
DA:281,8
DA:282,0
DA:283,0
DA:286,0
DA:287,0
DA:288,0
DA:289,0
DA:292,0
DA:296,0
DA:297,0
DA:298,0
DA:299,0
DA:301,0
DA:302,0
DA:304,0
DA:307,0
DA:311,0
DA:314,0
DA:319,0
DA:321,0
DA:323,0
DA:324,0
DA:327,8
LF:149
LH:57
BRDA:9,0,0,0
BRDA:9,0,1,0
BRDA:16,1,0,1
BRDA:16,1,1,2
BRDA:16,2,0,3
BRDA:16,2,1,1
BRDA:28,3,0,1
BRDA:28,3,1,1
BRDA:28,4,0,2
BRDA:28,4,1,2
BRDA:39,5,0,1
BRDA:39,5,1,0
BRDA:65,6,0,0
BRDA:65,6,1,1
BRDA:86,7,0,1
BRDA:86,7,1,3
BRDA:92,8,0,0
BRDA:92,8,1,3
BRDA:97,9,0,0
BRDA:97,9,1,3
BRDA:97,10,0,3
BRDA:97,10,1,3
BRDA:106,11,0,1
BRDA:106,11,1,2
BRDA:111,12,0,1
BRDA:111,12,1,1
BRDA:111,13,0,2
BRDA:111,13,1,2
BRDA:148,14,0,0
BRDA:148,14,1,0
BRDA:148,15,0,0
BRDA:148,15,1,0
BRDA:152,16,0,0
BRDA:152,16,1,0
BRDA:189,17,0,0
BRDA:189,17,1,0
BRDA:194,18,0,0
BRDA:194,18,1,0
BRDA:198,19,0,0
BRDA:198,19,1,0
BRDA:201,20,0,0
BRDA:201,20,1,0
BRDA:201,21,0,0
BRDA:201,21,1,0
BRDA:202,22,0,0
BRDA:202,22,1,0
BRDA:215,23,0,0
BRDA:215,23,1,0
BRDA:215,24,0,0
BRDA:215,24,1,0
BRDA:243,25,0,0
BRDA:243,25,1,0
BRDA:247,26,0,0
BRDA:247,26,1,0
BRF:54
BRH:22
end_of_record
TN:
SF:routes\users.js
FN:14,(anonymous_0)
FN:21,(anonymous_1)
FN:55,(anonymous_2)
FN:70,(anonymous_3)
FN:80,(anonymous_4)
FN:96,(anonymous_5)
FN:109,(anonymous_6)
FN:239,(anonymous_7)
FN:341,(anonymous_8)
FN:369,(anonymous_9)
FN:424,(anonymous_10)
FNF:11
FNH:5
FNDA:11,(anonymous_0)
FNDA:0,(anonymous_1)
FNDA:1,(anonymous_2)
FNDA:0,(anonymous_3)
FNDA:0,(anonymous_4)
FNDA:2,(anonymous_5)
FNDA:6,(anonymous_6)
FNDA:0,(anonymous_7)
FNDA:0,(anonymous_8)
FNDA:3,(anonymous_9)
FNDA:0,(anonymous_10)
DA:1,8
DA:2,8
DA:3,8
DA:4,8
DA:5,8
DA:6,8
DA:7,8
DA:8,8
DA:9,8
DA:10,8
DA:11,8
DA:12,8
DA:14,8
DA:15,11
DA:16,2
DA:18,9
DA:21,8
DA:22,0
DA:23,0
DA:25,0
DA:27,8
DA:30,8
DA:55,8
DA:56,1
DA:58,1
DA:60,0
DA:62,0
DA:64,0
DA:69,8
DA:71,0
DA:72,0
DA:75,0
DA:76,0
DA:78,0
DA:81,0
DA:82,0
DA:83,0
DA:87,0
DA:88,0
DA:89,0
DA:90,0
DA:94,8
DA:96,8
DA:97,2
DA:98,2
DA:102,2
DA:104,0
DA:105,0
DA:109,8
DA:110,6
DA:113,6
DA:114,1
DA:117,5
DA:119,5
DA:120,5
DA:121,1
DA:125,4
DA:128,4
DA:131,4
DA:134,4
DA:135,2
DA:136,1
DA:139,1
DA:153,1
DA:156,1
DA:157,0
DA:160,1
DA:176,1
DA:177,1
DA:178,2
DA:179,1
DA:180,0
DA:183,1
DA:184,1
DA:187,1
DA:188,0
DA:191,1
DA:200,1
DA:201,1
DA:202,1
DA:203,1
DA:204,0
DA:207,1
DA:208,1
DA:211,1
DA:212,0
DA:215,1
DA:226,1
DA:227,1
DA:231,3
DA:233,3
DA:235,0
DA:236,0
DA:239,8
DA:240,0
DA:241,0
DA:243,0
DA:245,0
DA:246,0
DA:247,0
DA:251,0
DA:252,0
DA:253,0
DA:254,0
DA:257,0
DA:258,0
DA:261,0
DA:262,0
DA:263,0
DA:264,0
DA:266,0
DA:267,0
DA:268,0
DA:269,0
DA:270,0
DA:271,0
DA:272,0
DA:273,0
DA:274,0
DA:275,0
DA:276,0
DA:277,0
DA:279,0
DA:280,0
DA:281,0
DA:282,0
DA:283,0
DA:286,0
DA:288,0
DA:289,0
DA:290,0
DA:291,0
DA:293,0
DA:294,0
DA:295,0
DA:296,0
DA:297,0
DA:299,0
DA:300,0
DA:301,0
DA:302,0
DA:303,0
DA:306,0
DA:308,0
DA:309,0
DA:310,0
DA:311,0
DA:313,0
DA:314,0
DA:315,0
DA:316,0
DA:317,0
DA:318,0
DA:319,0
DA:321,0
DA:322,0
DA:323,0
DA:324,0
DA:325,0
DA:328,0
DA:333,0
DA:334,0
DA:336,0
DA:337,0
DA:341,8
DA:342,0
DA:343,0
DA:344,0
DA:346,0
DA:347,0
DA:351,0
DA:353,0
DA:356,0
DA:359,0
DA:360,0
DA:363,0
DA:365,0
DA:366,0
DA:369,8
DA:370,3
DA:372,3
DA:373,1
DA:376,2
DA:378,2
DA:380,2
DA:381,1
DA:385,1
DA:386,1
DA:389,1
DA:390,1
DA:391,1
DA:393,1
DA:394,4
DA:395,4
DA:396,0
DA:397,0
DA:398,0
DA:402,1
DA:407,0
DA:408,0
DA:412,8
DA:425,0
DA:426,0
DA:427,0
DA:430,0
DA:431,0
DA:433,0
DA:435,0
DA:436,0
DA:437,0
DA:441,0
DA:442,0
DA:445,0
DA:447,0
DA:452,0
DA:453,0
DA:457,8
LF:217
LH:87
BRDA:15,0,0,2
BRDA:15,0,1,9
BRDA:22,1,0,0
BRDA:22,1,1,0
BRDA:56,2,0,1
BRDA:56,2,1,0
BRDA:56,2,2,0
BRDA:56,2,3,0
BRDA:75,3,0,0
BRDA:75,3,1,0
BRDA:82,4,0,0
BRDA:82,4,1,0
BRDA:113,5,0,1
BRDA:113,5,1,5
BRDA:113,6,0,6
BRDA:113,6,1,5
BRDA:113,6,2,5
BRDA:113,6,3,5
BRDA:120,7,0,1
BRDA:120,7,1,4
BRDA:131,8,0,0
BRDA:131,8,1,4
BRDA:134,9,0,2
BRDA:134,9,1,2
BRDA:135,10,0,1
BRDA:135,10,1,1
BRDA:139,11,0,0
BRDA:139,11,1,1
BRDA:156,12,0,0
BRDA:156,12,1,1
BRDA:156,13,0,1
BRDA:156,13,1,1
BRDA:156,13,2,1
BRDA:156,13,3,1
BRDA:156,13,4,1
BRDA:156,13,5,1
BRDA:156,13,6,1
BRDA:156,13,7,1
BRDA:170,14,0,0
BRDA:170,14,1,1
BRDA:178,15,0,1
BRDA:178,15,1,1
BRDA:179,16,0,0
BRDA:179,16,1,1
BRDA:183,17,0,0
BRDA:183,17,1,1
BRDA:187,18,0,0
BRDA:187,18,1,1
BRDA:187,19,0,1
BRDA:187,19,1,1
BRDA:187,19,2,1
BRDA:187,19,3,1
BRDA:202,20,0,1
BRDA:202,20,1,0
BRDA:203,21,0,0
BRDA:203,21,1,1
BRDA:207,22,0,0
BRDA:207,22,1,1
BRDA:211,23,0,0
BRDA:211,23,1,1
BRDA:211,24,0,1
BRDA:211,24,1,1
BRDA:211,24,2,1
BRDA:211,24,3,1
BRDA:211,24,4,1
BRDA:246,25,0,0
BRDA:246,25,1,0
BRDA:251,26,0,0
BRDA:251,26,1,0
BRDA:252,27,0,0
BRDA:252,27,1,0
BRDA:253,28,0,0
BRDA:253,28,1,0
BRDA:254,29,0,0
BRDA:254,29,1,0
BRDA:254,30,0,0
BRDA:254,30,1,0
BRDA:261,31,0,0
BRDA:261,31,1,0
BRDA:261,32,0,0
BRDA:261,32,1,0
BRDA:263,33,0,0
BRDA:263,33,1,0
BRDA:264,34,0,0
BRDA:264,34,1,0
BRDA:266,35,0,0
BRDA:266,35,1,0
BRDA:267,36,0,0
BRDA:267,36,1,0
BRDA:268,37,0,0
BRDA:268,37,1,0
BRDA:269,38,0,0
BRDA:269,38,1,0
BRDA:270,39,0,0
BRDA:270,39,1,0
BRDA:271,40,0,0
BRDA:271,40,1,0
BRDA:272,41,0,0
BRDA:272,41,1,0
BRDA:273,42,0,0
BRDA:273,42,1,0
BRDA:274,43,0,0
BRDA:274,43,1,0
BRDA:275,44,0,0
BRDA:275,44,1,0
BRDA:276,45,0,0
BRDA:276,45,1,0
BRDA:277,46,0,0
BRDA:277,46,1,0
BRDA:279,47,0,0
BRDA:279,47,1,0
BRDA:282,48,0,0
BRDA:282,48,1,0
BRDA:282,49,0,0
BRDA:282,49,1,0
BRDA:288,50,0,0
BRDA:288,50,1,0
BRDA:288,51,0,0
BRDA:288,51,1,0
BRDA:290,52,0,0
BRDA:290,52,1,0
BRDA:291,53,0,0
BRDA:291,53,1,0
BRDA:293,54,0,0
BRDA:293,54,1,0
BRDA:294,55,0,0
BRDA:294,55,1,0
BRDA:295,56,0,0
BRDA:295,56,1,0
BRDA:296,57,0,0
BRDA:296,57,1,0
BRDA:297,58,0,0
BRDA:297,58,1,0
BRDA:299,59,0,0
BRDA:299,59,1,0
BRDA:302,60,0,0
BRDA:302,60,1,0
BRDA:302,61,0,0
BRDA:302,61,1,0
BRDA:308,62,0,0
BRDA:308,62,1,0
BRDA:308,63,0,0
BRDA:308,63,1,0
BRDA:310,64,0,0
BRDA:310,64,1,0
BRDA:311,65,0,0
BRDA:311,65,1,0
BRDA:313,66,0,0
BRDA:313,66,1,0
BRDA:314,67,0,0
BRDA:314,67,1,0
BRDA:315,68,0,0
BRDA:315,68,1,0
BRDA:316,69,0,0
BRDA:316,69,1,0
BRDA:317,70,0,0
BRDA:317,70,1,0
BRDA:318,71,0,0
BRDA:318,71,1,0
BRDA:319,72,0,0
BRDA:319,72,1,0
BRDA:321,73,0,0
BRDA:321,73,1,0
BRDA:324,74,0,0
BRDA:324,74,1,0
BRDA:324,75,0,0
BRDA:324,75,1,0
BRDA:346,76,0,0
BRDA:346,76,1,0
BRDA:351,77,0,0
BRDA:351,77,1,0
BRDA:359,78,0,0
BRDA:359,78,1,0
BRDA:372,79,0,1
BRDA:372,79,1,2
BRDA:380,80,0,1
BRDA:380,80,1,1
BRDA:385,81,0,1
BRDA:385,81,1,0
BRDA:395,82,0,0
BRDA:395,82,1,4
BRDA:404,83,0,0
BRDA:404,83,1,1
BRDA:426,84,0,0
BRDA:426,84,1,0
BRDA:436,85,0,0
BRDA:436,85,1,0
BRDA:441,86,0,0
BRDA:441,86,1,0
BRDA:442,87,0,0
BRDA:442,87,1,0
BRF:191
BRH:52
end_of_record
TN:
SF:scripts\backupMongoDB.js
FN:9,(anonymous_0)
FNF:1
FNH:0
FNDA:0,(anonymous_0)
DA:1,1
DA:2,1
DA:3,1
DA:6,1
DA:9,1
DA:10,0
DA:12,0
DA:13,0
DA:14,0
DA:17,0
DA:19,0
DA:20,0
DA:22,0
DA:23,0
DA:24,0
DA:27,0
DA:28,0
DA:30,0
DA:34,1
LF:19
LH:6
BRDA:22,0,0,0
BRDA:22,0,1,0
BRF:2
BRH:0
end_of_record
TN:
SF:tests\utils\logger.js
FN:5,(anonymous_0)
FN:6,(anonymous_1)
FN:7,(anonymous_2)
FN:8,(anonymous_3)
FN:9,(anonymous_4)
FNF:5
FNH:4
FNDA:85,(anonymous_0)
FNDA:85,(anonymous_1)
FNDA:0,(anonymous_2)
FNDA:64,(anonymous_3)
FNDA:63,(anonymous_4)
DA:1,10
DA:4,10
DA:5,85
DA:6,85
DA:7,0
DA:8,64
DA:9,63
DA:12,10
LF:8
LH:7
BRF:0
BRH:0
end_of_record
